[1776784746.461][INFO]: Starting ChromeDriver 147.0.7727.57 (b4f28b5637d02137aa7f80eb8d589b0c005c3426-refs/branch-heads/7727_49@{#7}) on port 9379
[1776784746.461][INFO]: Please see https://chromedriver.chromium.org/security-considerations for suggestions on keeping ChromeDriver safe.
[1776784746.466][INFO]: ChromeDriver was started successfully on port 9379
[1776784746.651][INFO]: [31071e06e3e81bfe6e88effcbba67390] COMMAND InitSession {
   "capabilities": {
      "firstMatch": [ {
         "browserName": "chrome",
         "goog:chromeOptions": {
            "args": [ "--remote-allow-origins=*" ],
            "binary": "/Applications/Google Chrome.app/Contents/MacOS/Google Chrome",
            "extensions": [  ]
         },
         "goog:loggingPrefs": {
            "browser": "ALL",
            "driver": "ALL"
         }
      } ]
   }
}
[1776784746.652][INFO]: Populating Preferences file: {
   "alternate_error_pages": {
      "enabled": false
   },
   "autofill": {
      "enabled": false
   },
   "browser": {
      "check_default_browser": false
   },
   "distribution": {
      "import_bookmarks": false,
      "import_history": false,
      "import_search_engine": false,
      "make_chrome_default_for_user": false,
      "skip_first_run_ui": true
   },
   "dns_prefetching": {
      "enabled": false
   },
   "profile": {
      "content_settings": {
         "pattern_pairs": {
            "https://*,*": {
               "media-stream": {
                  "audio": "Default",
                  "video": "Default"
               }
            }
         }
      },
      "default_content_setting_values": {
         "geolocation": 1
      },
      "default_content_settings": {
         "geolocation": 1,
         "mouselock": 1,
         "notifications": 1,
         "popups": 1,
         "ppapi-broker": 1
      },
      "password_manager_enabled": false
   },
   "safebrowsing": {
      "enabled": false
   },
   "search": {
      "suggest_enabled": false
   },
   "translate": {
      "enabled": false
   }
}
[1776784746.652][INFO]: Populating Local State file: {
   "background_mode": {
      "enabled": false
   },
   "ssl": {
      "rev_checking": {
         "enabled": false
      }
   }
}
[1776784746.652][INFO]: ChromeDriver supports communication with Chrome via pipes. This is more reliable and more secure.
[1776784746.652][INFO]: Use the --remote-debugging-pipe Chrome switch instead of the default --remote-debugging-port to enable this communication mode.
[1776784746.652][INFO]: Launching chrome: /Applications/Google Chrome.app/Contents/MacOS/Google Chrome --allow-pre-commit-input --disable-background-networking --disable-background-timer-throttling --disable-backgrounding-occluded-windows --disable-client-side-phishing-detection --disable-default-apps --disable-features=IgnoreDuplicateNavs,Prewarm --disable-hang-monitor --disable-popup-blocking --disable-prompt-on-repost --disable-sync --enable-automation --enable-logging --log-level=0 --no-first-run --no-service-autorun --password-store=basic --remote-allow-origins=* --remote-debugging-port=0 --test-type=webdriver --use-mock-keychain --user-data-dir=/var/folders/82/sk3fkm114szbt4bkvn6l5w440000gn/T/org.chromium.Chromium.scoped_dir.7JAXgl data:,
[1776784748.597][INFO]: resolved localhost to ["127.0.0.1","::1"]
[1776784748.740][INFO]: [31071e06e3e81bfe6e88effcbba67390] RESPONSE InitSession {
   "capabilities": {
      "acceptInsecureCerts": false,
      "browserName": "chrome",
      "browserVersion": "147.0.7727.57",
      "chrome": {
         "chromedriverVersion": "147.0.7727.57 (b4f28b5637d02137aa7f80eb8d589b0c005c3426-refs/branch-heads/7727_49@{#7})",
         "userDataDir": "/var/folders/82/sk3fkm114szbt4bkvn6l5w440000gn/T/org.chromium.Chromium.scoped_dir.7JAXgl"
      },
      "fedcm:accounts": true,
      "goog:chromeOptions": {
         "debuggerAddress": "localhost:61580"
      },
      "goog:processID": 5527,
      "networkConnectionEnabled": false,
      "pageLoadStrategy": "normal",
      "platformName": "mac",
      "proxy": {
      },
      "setWindowRect": true,
      "strictFileInteractability": false,
      "timeouts": {
         "implicit": 0,
         "pageLoad": 300000,
         "script": 30000
      },
      "unhandledPromptBehavior": "dismiss and notify",
      "webauthn:extension:credBlob": true,
      "webauthn:extension:largeBlob": true,
      "webauthn:extension:minPinLength": true,
      "webauthn:extension:prf": true,
      "~~~": "..."
   },
   "sessionId": "31071e06e3e81bfe6e88effcbba67390"
}
[1776784748.947][INFO]: [31071e06e3e81bfe6e88effcbba67390] COMMAND MaximizeWindow {
}
[1776784748.948][INFO]: Waiting for pending navigations...
[1776784748.948][INFO]: Done waiting for pending navigations. Status: ok
[1776784749.399][INFO]: Waiting for pending navigations...
[1776784749.400][INFO]: Done waiting for pending navigations. Status: ok
[1776784749.400][INFO]: [31071e06e3e81bfe6e88effcbba67390] RESPONSE MaximizeWindow {
   "height": 814,
   "width": 1440,
   "x": 0,
   "y": 25
}
[1776784749.402][INFO]: [31071e06e3e81bfe6e88effcbba67390] COMMAND Navigate {
   "url": "https://www.flipkart.com/"
}
[1776784749.402][INFO]: Waiting for pending navigations...
[1776784749.403][INFO]: Done waiting for pending navigations. Status: ok
[1776784749.733][INFO]: Waiting for pending navigations...
[1776784751.050][INFO]: Done waiting for pending navigations. Status: ok
[1776784751.050][INFO]: [31071e06e3e81bfe6e88effcbba67390] RESPONSE Navigate
[1776784751.069][INFO]: [31071e06e3e81bfe6e88effcbba67390] COMMAND FindElement {
   "using": "xpath",
   "value": "//form[@class='lilxh_ header-form-search']//input[@title='Search for Products, Brands and More']"
}
[1776784751.069][INFO]: Waiting for pending navigations...
[1776784751.076][INFO]: Done waiting for pending navigations. Status: ok
[1776784751.107][INFO]: Waiting for pending navigations...
[1776784751.111][INFO]: Done waiting for pending navigations. Status: ok
[1776784751.111][INFO]: [31071e06e3e81bfe6e88effcbba67390] RESPONSE FindElement {
   "element-6066-11e4-a52e-4f735466cecf": "f.4D9EC99A882440C04E14A6C4D977C2BE.d.25E71F10310496C4B89EFE23C757AEC8.e.62"
}
[1776784751.125][INFO]: [31071e06e3e81bfe6e88effcbba67390] COMMAND ClearElement {
   "id": "f.4D9EC99A882440C04E14A6C4D977C2BE.d.25E71F10310496C4B89EFE23C757AEC8.e.62"
}
[1776784751.125][INFO]: Waiting for pending navigations...
[1776784751.133][INFO]: Done waiting for pending navigations. Status: ok
[1776784751.266][INFO]: 
	=== NOTE: ===
	The Clear command in ChromeDriver 2.43 and above
	has been updated to conform to the current standard,
	including raising blur event after clearing.

[1776784751.274][INFO]: Waiting for pending navigations...
[1776784751.274][INFO]: Done waiting for pending navigations. Status: ok
[1776784751.274][INFO]: [31071e06e3e81bfe6e88effcbba67390] RESPONSE ClearElement
[1776784751.278][INFO]: [31071e06e3e81bfe6e88effcbba67390] COMMAND FindElement {
   "using": "xpath",
   "value": "//form[@class='lilxh_ header-form-search']//input[@title='Search for Products, Brands and More']"
}
[1776784751.278][INFO]: Waiting for pending navigations...
[1776784751.279][INFO]: Done waiting for pending navigations. Status: ok
[1776784751.284][INFO]: Waiting for pending navigations...
[1776784751.284][INFO]: Done waiting for pending navigations. Status: ok
[1776784751.284][INFO]: [31071e06e3e81bfe6e88effcbba67390] RESPONSE FindElement {
   "element-6066-11e4-a52e-4f735466cecf": "f.4D9EC99A882440C04E14A6C4D977C2BE.d.25E71F10310496C4B89EFE23C757AEC8.e.62"
}
[1776784751.291][INFO]: [31071e06e3e81bfe6e88effcbba67390] COMMAND TypeElement {
   "id": "f.4D9EC99A882440C04E14A6C4D977C2BE.d.25E71F10310496C4B89EFE23C757AEC8.e.62",
   "text": "Washing Machine",
   "value": [ "W", "a", "s", "h", "i", "n", "g", " ", "M", "a", "c", "h", "i", "n", "e", "" ]
}
[1776784751.291][INFO]: Waiting for pending navigations...
[1776784751.291][INFO]: Done waiting for pending navigations. Status: ok
[1776784751.507][INFO]: Waiting for pending navigations...
[1776784753.291][INFO]: Done waiting for pending navigations. Status: ok
[1776784753.291][INFO]: [31071e06e3e81bfe6e88effcbba67390] RESPONSE TypeElement
[1776784753.294][INFO]: [31071e06e3e81bfe6e88effcbba67390] COMMAND FindElements {
   "using": "xpath",
   "value": "//div[@class='WNv7PR']"
}
[1776784753.294][INFO]: Waiting for pending navigations...
[1776784753.295][INFO]: Done waiting for pending navigations. Status: ok
[1776784753.301][INFO]: Waiting for pending navigations...
[1776784753.301][INFO]: Done waiting for pending navigations. Status: ok
[1776784753.301][INFO]: [31071e06e3e81bfe6e88effcbba67390] RESPONSE FindElements [ {
   "element-6066-11e4-a52e-4f735466cecf": "f.4D9EC99A882440C04E14A6C4D977C2BE.d.69F553A6158465935ACCC13926E3503F.e.355"
}, {
   "element-6066-11e4-a52e-4f735466cecf": "f.4D9EC99A882440C04E14A6C4D977C2BE.d.69F553A6158465935ACCC13926E3503F.e.356"
}, {
   "element-6066-11e4-a52e-4f735466cecf": "f.4D9EC99A882440C04E14A6C4D977C2BE.d.69F553A6158465935ACCC13926E3503F.e.357"
}, {
   "element-6066-11e4-a52e-4f735466cecf": "f.4D9EC99A882440C04E14A6C4D977C2BE.d.69F553A6158465935ACCC13926E3503F.e.358"
}, {
   "element-6066-11e4-a52e-4f735466cecf": "f.4D9EC99A882440C04E14A6C4D977C2BE.d.69F553A6158465935ACCC13926E3503F.e.359"
} ]
[1776784753.304][INFO]: [31071e06e3e81bfe6e88effcbba67390] COMMAND GetElementText {
   "id": "f.4D9EC99A882440C04E14A6C4D977C2BE.d.69F553A6158465935ACCC13926E3503F.e.355"
}
[1776784753.304][INFO]: Waiting for pending navigations...
[1776784753.304][INFO]: Done waiting for pending navigations. Status: ok
[1776784753.311][INFO]: Waiting for pending navigations...
[1776784753.311][INFO]: Done waiting for pending navigations. Status: ok
[1776784753.311][INFO]: [31071e06e3e81bfe6e88effcbba67390] RESPONSE GetElementText "Popularity"
[1776784753.313][INFO]: [31071e06e3e81bfe6e88effcbba67390] COMMAND ClickElement {
   "id": "f.4D9EC99A882440C04E14A6C4D977C2BE.d.69F553A6158465935ACCC13926E3503F.e.355"
}
[1776784753.313][INFO]: Waiting for pending navigations...
[1776784753.313][INFO]: Done waiting for pending navigations. Status: ok
[1776784753.355][INFO]: Waiting for pending navigations...
[1776784753.356][INFO]: Done waiting for pending navigations. Status: ok
[1776784753.356][INFO]: [31071e06e3e81bfe6e88effcbba67390] RESPONSE ClickElement
[1776784753.358][INFO]: [31071e06e3e81bfe6e88effcbba67390] COMMAND GetElementText {
   "id": "f.4D9EC99A882440C04E14A6C4D977C2BE.d.69F553A6158465935ACCC13926E3503F.e.356"
}
[1776784753.358][INFO]: Waiting for pending navigations...
[1776784753.359][INFO]: Done waiting for pending navigations. Status: ok
[1776784753.361][INFO]: Waiting for pending navigations...
[1776784753.362][INFO]: Done waiting for pending navigations. Status: ok
[1776784753.362][INFO]: [31071e06e3e81bfe6e88effcbba67390] RESPONSE GetElementText "Price -- Low to High"
[1776784753.363][INFO]: [31071e06e3e81bfe6e88effcbba67390] COMMAND GetElementText {
   "id": "f.4D9EC99A882440C04E14A6C4D977C2BE.d.69F553A6158465935ACCC13926E3503F.e.357"
}
[1776784753.363][INFO]: Waiting for pending navigations...
[1776784753.363][INFO]: Done waiting for pending navigations. Status: ok
[1776784753.366][INFO]: Waiting for pending navigations...
[1776784753.366][INFO]: Done waiting for pending navigations. Status: ok
[1776784753.366][INFO]: [31071e06e3e81bfe6e88effcbba67390] RESPONSE GetElementText "Price -- High to Low"
[1776784753.367][INFO]: [31071e06e3e81bfe6e88effcbba67390] COMMAND GetElementText {
   "id": "f.4D9EC99A882440C04E14A6C4D977C2BE.d.69F553A6158465935ACCC13926E3503F.e.358"
}
[1776784753.368][INFO]: Waiting for pending navigations...
[1776784753.368][INFO]: Done waiting for pending navigations. Status: ok
[1776784753.371][INFO]: Waiting for pending navigations...
[1776784753.371][INFO]: Done waiting for pending navigations. Status: ok
[1776784753.371][INFO]: [31071e06e3e81bfe6e88effcbba67390] RESPONSE GetElementText "Newest First"
[1776784753.372][INFO]: [31071e06e3e81bfe6e88effcbba67390] COMMAND GetElementText {
   "id": "f.4D9EC99A882440C04E14A6C4D977C2BE.d.69F553A6158465935ACCC13926E3503F.e.359"
}
[1776784753.372][INFO]: Waiting for pending navigations...
[1776784753.372][INFO]: Done waiting for pending navigations. Status: ok
[1776784753.375][INFO]: Waiting for pending navigations...
[1776784753.376][INFO]: Done waiting for pending navigations. Status: ok
[1776784753.376][INFO]: [31071e06e3e81bfe6e88effcbba67390] RESPONSE GetElementText "Discount"
[1776784756.387][INFO]: [31071e06e3e81bfe6e88effcbba67390] COMMAND FindElements {
   "using": "xpath",
   "value": "//div[@class='col col-7-12']//div[@class='MKiFS6']"
}
[1776784756.387][INFO]: Waiting for pending navigations...
[1776784756.388][INFO]: Done waiting for pending navigations. Status: ok
[1776784756.394][INFO]: Waiting for pending navigations...
[1776784756.394][INFO]: Done waiting for pending navigations. Status: ok
[1776784756.394][INFO]: [31071e06e3e81bfe6e88effcbba67390] RESPONSE FindElements [ {
   "element-6066-11e4-a52e-4f735466cecf": "f.4D9EC99A882440C04E14A6C4D977C2BE.d.69F553A6158465935ACCC13926E3503F.e.515"
}, {
   "element-6066-11e4-a52e-4f735466cecf": "f.4D9EC99A882440C04E14A6C4D977C2BE.d.69F553A6158465935ACCC13926E3503F.e.516"
}, {
   "element-6066-11e4-a52e-4f735466cecf": "f.4D9EC99A882440C04E14A6C4D977C2BE.d.69F553A6158465935ACCC13926E3503F.e.517"
}, {
   "element-6066-11e4-a52e-4f735466cecf": "f.4D9EC99A882440C04E14A6C4D977C2BE.d.69F553A6158465935ACCC13926E3503F.e.518"
}, {
   "element-6066-11e4-a52e-4f735466cecf": "f.4D9EC99A882440C04E14A6C4D977C2BE.d.69F553A6158465935ACCC13926E3503F.e.519"
}, {
   "element-6066-11e4-a52e-4f735466cecf": "f.4D9EC99A882440C04E14A6C4D977C2BE.d.69F553A6158465935ACCC13926E3503F.e.520"
}, {
   "element-6066-11e4-a52e-4f735466cecf": "f.4D9EC99A882440C04E14A6C4D977C2BE.d.69F553A6158465935ACCC13926E3503F.e.521"
}, {
   "element-6066-11e4-a52e-4f735466cecf": "f.4D9EC99A882440C04E14A6C4D977C2BE.d.69F553A6158465935ACCC13926E3503F.e.522"
}, {
   "element-6066-11e4-a52e-4f735466cecf": "f.4D9EC99A882440C04E14A6C4D977C2BE.d.69F553A6158465935ACCC13926E3503F.e.523"
}, {
   "element-6066-11e4-a52e-4f735466cecf": "f.4D9EC99A882440C04E14A6C4D977C2BE.d.69F553A6158465935ACCC13926E3503F.e.524"
}, {
   "element-6066-11e4-a52e-4f735466cecf": "f.4D9EC99A882440C04E14A6C4D977C2BE.d.69F553A6158465935ACCC13926E3503F.e.525"
}, {
   "element-6066-11e4-a52e-4f735466cecf": "f.4D9EC99A882440C04E14A6C4D977C2BE.d.69F553A6158465935ACCC13926E3503F.e.526"
}, {
   "element-6066-11e4-a52e-4f735466cecf": "f.4D9EC99A882440C04E14A6C4D977C2BE.d.69F553A6158465935ACCC13926E3503F.e.527"
}, {
   "element-6066-11e4-a52e-4f735466cecf": "f.4D9EC99A882440C04E14A6C4D977C2BE.d.69F553A6158465935ACCC13926E3503F.e.528"
}, {
   "element-6066-11e4-a52e-4f735466cecf": "f.4D9EC99A882440C04E14A6C4D977C2BE.d.69F553A6158465935ACCC13926E3503F.e.529"
}, {
   "element-6066-11e4-a52e-4f735466cecf": "f.4D9EC99A882440C04E14A6C4D977C2BE.d.69F553A6158465935ACCC13926E3503F.e.530"
}, {
   "element-6066-11e4-a52e-4f735466cecf": "f.4D9EC99A882440C04E14A6C4D977C2BE.d.69F553A6158465935ACCC13926E3503F.e.531"
}, {
   "element-6066-11e4-a52e-4f735466cecf": "f.4D9EC99A882440C04E14A6C4D977C2BE.d.69F553A6158465935ACCC13926E3503F.e.532"
}, {
   "element-6066-11e4-a52e-4f735466cecf": "f.4D9EC99A882440C04E14A6C4D977C2BE.d.69F553A6158465935ACCC13926E3503F.e.533"
}, "..." ]
[1776784756.396][INFO]: [31071e06e3e81bfe6e88effcbba67390] COMMAND GetElementText {
   "id": "f.4D9EC99A882440C04E14A6C4D977C2BE.d.69F553A6158465935ACCC13926E3503F.e.515"
}
[1776784756.396][INFO]: Waiting for pending navigations...
[1776784756.397][INFO]: Done waiting for pending navigations. Status: ok
[1776784756.401][INFO]: Waiting for pending navigations...
[1776784756.401][INFO]: Done waiting for pending navigations. Status: ok
[1776784756.401][INFO]: [31071e06e3e81bfe6e88effcbba67390] RESPONSE GetElementText "4.2"
[1776784756.403][INFO]: [31071e06e3e81bfe6e88effcbba67390] COMMAND GetElementText {
   "id": "f.4D9EC99A882440C04E14A6C4D977C2BE.d.69F553A6158465935ACCC13926E3503F.e.516"
}
[1776784756.403][INFO]: Waiting for pending navigations...
[1776784756.403][INFO]: Done waiting for pending navigations. Status: ok
[1776784756.406][INFO]: Waiting for pending navigations...
[1776784756.406][INFO]: Done waiting for pending navigations. Status: ok
[1776784756.406][INFO]: [31071e06e3e81bfe6e88effcbba67390] RESPONSE GetElementText "4.1"
[1776784756.408][INFO]: [31071e06e3e81bfe6e88effcbba67390] COMMAND GetElementText {
   "id": "f.4D9EC99A882440C04E14A6C4D977C2BE.d.69F553A6158465935ACCC13926E3503F.e.517"
}
[1776784756.408][INFO]: Waiting for pending navigations...
[1776784756.408][INFO]: Done waiting for pending navigations. Status: ok
[1776784756.411][INFO]: Waiting for pending navigations...
[1776784756.411][INFO]: Done waiting for pending navigations. Status: ok
[1776784756.411][INFO]: [31071e06e3e81bfe6e88effcbba67390] RESPONSE GetElementText "4.3"
[1776784756.412][INFO]: [31071e06e3e81bfe6e88effcbba67390] COMMAND GetElementText {
   "id": "f.4D9EC99A882440C04E14A6C4D977C2BE.d.69F553A6158465935ACCC13926E3503F.e.518"
}
[1776784756.412][INFO]: Waiting for pending navigations...
[1776784756.413][INFO]: Done waiting for pending navigations. Status: ok
[1776784756.416][INFO]: Waiting for pending navigations...
[1776784756.416][INFO]: Done waiting for pending navigations. Status: ok
[1776784756.416][INFO]: [31071e06e3e81bfe6e88effcbba67390] RESPONSE GetElementText "4.4"
[1776784756.417][INFO]: [31071e06e3e81bfe6e88effcbba67390] COMMAND GetElementText {
   "id": "f.4D9EC99A882440C04E14A6C4D977C2BE.d.69F553A6158465935ACCC13926E3503F.e.519"
}
[1776784756.417][INFO]: Waiting for pending navigations...
[1776784756.418][INFO]: Done waiting for pending navigations. Status: ok
[1776784756.420][INFO]: Waiting for pending navigations...
[1776784756.421][INFO]: Done waiting for pending navigations. Status: ok
[1776784756.421][INFO]: [31071e06e3e81bfe6e88effcbba67390] RESPONSE GetElementText "4.3"
[1776784756.422][INFO]: [31071e06e3e81bfe6e88effcbba67390] COMMAND GetElementText {
   "id": "f.4D9EC99A882440C04E14A6C4D977C2BE.d.69F553A6158465935ACCC13926E3503F.e.520"
}
[1776784756.422][INFO]: Waiting for pending navigations...
[1776784756.422][INFO]: Done waiting for pending navigations. Status: ok
[1776784756.425][INFO]: Waiting for pending navigations...
[1776784756.425][INFO]: Done waiting for pending navigations. Status: ok
[1776784756.425][INFO]: [31071e06e3e81bfe6e88effcbba67390] RESPONSE GetElementText "4.3"
[1776784756.426][INFO]: [31071e06e3e81bfe6e88effcbba67390] COMMAND GetElementText {
   "id": "f.4D9EC99A882440C04E14A6C4D977C2BE.d.69F553A6158465935ACCC13926E3503F.e.521"
}
[1776784756.426][INFO]: Waiting for pending navigations...
[1776784756.426][INFO]: Done waiting for pending navigations. Status: ok
[1776784756.429][INFO]: Waiting for pending navigations...
[1776784756.429][INFO]: Done waiting for pending navigations. Status: ok
[1776784756.429][INFO]: [31071e06e3e81bfe6e88effcbba67390] RESPONSE GetElementText "4.4"
[1776784756.430][INFO]: [31071e06e3e81bfe6e88effcbba67390] COMMAND GetElementText {
   "id": "f.4D9EC99A882440C04E14A6C4D977C2BE.d.69F553A6158465935ACCC13926E3503F.e.522"
}
[1776784756.430][INFO]: Waiting for pending navigations...
[1776784756.432][INFO]: Done waiting for pending navigations. Status: ok
[1776784756.435][INFO]: Waiting for pending navigations...
[1776784756.435][INFO]: Done waiting for pending navigations. Status: ok
[1776784756.435][INFO]: [31071e06e3e81bfe6e88effcbba67390] RESPONSE GetElementText "4.3"
[1776784756.436][INFO]: [31071e06e3e81bfe6e88effcbba67390] COMMAND GetElementText {
   "id": "f.4D9EC99A882440C04E14A6C4D977C2BE.d.69F553A6158465935ACCC13926E3503F.e.523"
}
[1776784756.436][INFO]: Waiting for pending navigations...
[1776784756.436][INFO]: Done waiting for pending navigations. Status: ok
[1776784756.439][INFO]: Waiting for pending navigations...
[1776784756.439][INFO]: Done waiting for pending navigations. Status: ok
[1776784756.439][INFO]: [31071e06e3e81bfe6e88effcbba67390] RESPONSE GetElementText "4.2"
[1776784756.440][INFO]: [31071e06e3e81bfe6e88effcbba67390] COMMAND GetElementText {
   "id": "f.4D9EC99A882440C04E14A6C4D977C2BE.d.69F553A6158465935ACCC13926E3503F.e.524"
}
[1776784756.440][INFO]: Waiting for pending navigations...
[1776784756.441][INFO]: Done waiting for pending navigations. Status: ok
[1776784756.443][INFO]: Waiting for pending navigations...
[1776784756.444][INFO]: Done waiting for pending navigations. Status: ok
[1776784756.444][INFO]: [31071e06e3e81bfe6e88effcbba67390] RESPONSE GetElementText "4.1"
[1776784756.445][INFO]: [31071e06e3e81bfe6e88effcbba67390] COMMAND GetElementText {
   "id": "f.4D9EC99A882440C04E14A6C4D977C2BE.d.69F553A6158465935ACCC13926E3503F.e.525"
}
[1776784756.445][INFO]: Waiting for pending navigations...
[1776784756.445][INFO]: Done waiting for pending navigations. Status: ok
[1776784756.448][INFO]: Waiting for pending navigations...
[1776784756.448][INFO]: Done waiting for pending navigations. Status: ok
[1776784756.448][INFO]: [31071e06e3e81bfe6e88effcbba67390] RESPONSE GetElementText "4.4"
[1776784756.450][INFO]: [31071e06e3e81bfe6e88effcbba67390] COMMAND GetElementText {
   "id": "f.4D9EC99A882440C04E14A6C4D977C2BE.d.69F553A6158465935ACCC13926E3503F.e.526"
}
[1776784756.450][INFO]: Waiting for pending navigations...
[1776784756.450][INFO]: Done waiting for pending navigations. Status: ok
[1776784756.453][INFO]: Waiting for pending navigations...
[1776784756.453][INFO]: Done waiting for pending navigations. Status: ok
[1776784756.453][INFO]: [31071e06e3e81bfe6e88effcbba67390] RESPONSE GetElementText "4.2"
[1776784756.455][INFO]: [31071e06e3e81bfe6e88effcbba67390] COMMAND GetElementText {
   "id": "f.4D9EC99A882440C04E14A6C4D977C2BE.d.69F553A6158465935ACCC13926E3503F.e.527"
}
[1776784756.455][INFO]: Waiting for pending navigations...
[1776784756.455][INFO]: Done waiting for pending navigations. Status: ok
[1776784756.458][INFO]: Waiting for pending navigations...
[1776784756.458][INFO]: Done waiting for pending navigations. Status: ok
[1776784756.458][INFO]: [31071e06e3e81bfe6e88effcbba67390] RESPONSE GetElementText "4.3"
[1776784756.459][INFO]: [31071e06e3e81bfe6e88effcbba67390] COMMAND GetElementText {
   "id": "f.4D9EC99A882440C04E14A6C4D977C2BE.d.69F553A6158465935ACCC13926E3503F.e.528"
}
[1776784756.459][INFO]: Waiting for pending navigations...
[1776784756.459][INFO]: Done waiting for pending navigations. Status: ok
[1776784756.462][INFO]: Waiting for pending navigations...
[1776784756.462][INFO]: Done waiting for pending navigations. Status: ok
[1776784756.462][INFO]: [31071e06e3e81bfe6e88effcbba67390] RESPONSE GetElementText "4.4"
[1776784756.463][INFO]: [31071e06e3e81bfe6e88effcbba67390] COMMAND GetElementText {
   "id": "f.4D9EC99A882440C04E14A6C4D977C2BE.d.69F553A6158465935ACCC13926E3503F.e.529"
}
[1776784756.463][INFO]: Waiting for pending navigations...
[1776784756.463][INFO]: Done waiting for pending navigations. Status: ok
[1776784756.466][INFO]: Waiting for pending navigations...
[1776784756.466][INFO]: Done waiting for pending navigations. Status: ok
[1776784756.466][INFO]: [31071e06e3e81bfe6e88effcbba67390] RESPONSE GetElementText "4.3"
[1776784756.467][INFO]: [31071e06e3e81bfe6e88effcbba67390] COMMAND GetElementText {
   "id": "f.4D9EC99A882440C04E14A6C4D977C2BE.d.69F553A6158465935ACCC13926E3503F.e.530"
}
[1776784756.467][INFO]: Waiting for pending navigations...
[1776784756.468][INFO]: Done waiting for pending navigations. Status: ok
[1776784756.471][INFO]: Waiting for pending navigations...
[1776784756.471][INFO]: Done waiting for pending navigations. Status: ok
[1776784756.471][INFO]: [31071e06e3e81bfe6e88effcbba67390] RESPONSE GetElementText "4.2"
[1776784756.472][INFO]: [31071e06e3e81bfe6e88effcbba67390] COMMAND GetElementText {
   "id": "f.4D9EC99A882440C04E14A6C4D977C2BE.d.69F553A6158465935ACCC13926E3503F.e.531"
}
[1776784756.472][INFO]: Waiting for pending navigations...
[1776784756.473][INFO]: Done waiting for pending navigations. Status: ok
[1776784756.476][INFO]: Waiting for pending navigations...
[1776784756.476][INFO]: Done waiting for pending navigations. Status: ok
[1776784756.476][INFO]: [31071e06e3e81bfe6e88effcbba67390] RESPONSE GetElementText "4.4"
[1776784756.477][INFO]: [31071e06e3e81bfe6e88effcbba67390] COMMAND GetElementText {
   "id": "f.4D9EC99A882440C04E14A6C4D977C2BE.d.69F553A6158465935ACCC13926E3503F.e.532"
}
[1776784756.477][INFO]: Waiting for pending navigations...
[1776784756.477][INFO]: Done waiting for pending navigations. Status: ok
[1776784756.479][INFO]: Waiting for pending navigations...
[1776784756.480][INFO]: Done waiting for pending navigations. Status: ok
[1776784756.480][INFO]: [31071e06e3e81bfe6e88effcbba67390] RESPONSE GetElementText "4.3"
[1776784756.481][INFO]: [31071e06e3e81bfe6e88effcbba67390] COMMAND GetElementText {
   "id": "f.4D9EC99A882440C04E14A6C4D977C2BE.d.69F553A6158465935ACCC13926E3503F.e.533"
}
[1776784756.481][INFO]: Waiting for pending navigations...
[1776784756.481][INFO]: Done waiting for pending navigations. Status: ok
[1776784756.484][INFO]: Waiting for pending navigations...
[1776784756.484][INFO]: Done waiting for pending navigations. Status: ok
[1776784756.484][INFO]: [31071e06e3e81bfe6e88effcbba67390] RESPONSE GetElementText "4.4"
[1776784756.485][INFO]: [31071e06e3e81bfe6e88effcbba67390] COMMAND GetElementText {
   "id": "f.4D9EC99A882440C04E14A6C4D977C2BE.d.69F553A6158465935ACCC13926E3503F.e.534"
}
[1776784756.485][INFO]: Waiting for pending navigations...
[1776784756.485][INFO]: Done waiting for pending navigations. Status: ok
[1776784756.489][INFO]: Waiting for pending navigations...
[1776784756.489][INFO]: Done waiting for pending navigations. Status: ok
[1776784756.489][INFO]: [31071e06e3e81bfe6e88effcbba67390] RESPONSE GetElementText "4.3"
[1776784756.490][INFO]: [31071e06e3e81bfe6e88effcbba67390] COMMAND GetElementText {
   "id": "f.4D9EC99A882440C04E14A6C4D977C2BE.d.69F553A6158465935ACCC13926E3503F.e.535"
}
[1776784756.490][INFO]: Waiting for pending navigations...
[1776784756.490][INFO]: Done waiting for pending navigations. Status: ok
[1776784756.493][INFO]: Waiting for pending navigations...
[1776784756.493][INFO]: Done waiting for pending navigations. Status: ok
[1776784756.493][INFO]: [31071e06e3e81bfe6e88effcbba67390] RESPONSE GetElementText "4.3"
[1776784756.494][INFO]: [31071e06e3e81bfe6e88effcbba67390] COMMAND GetElementText {
   "id": "f.4D9EC99A882440C04E14A6C4D977C2BE.d.69F553A6158465935ACCC13926E3503F.e.536"
}
[1776784756.494][INFO]: Waiting for pending navigations...
[1776784756.494][INFO]: Done waiting for pending navigations. Status: ok
[1776784756.497][INFO]: Waiting for pending navigations...
[1776784756.497][INFO]: Done waiting for pending navigations. Status: ok
[1776784756.497][INFO]: [31071e06e3e81bfe6e88effcbba67390] RESPONSE GetElementText "4.3"
[1776784756.498][INFO]: [31071e06e3e81bfe6e88effcbba67390] COMMAND GetElementText {
   "id": "f.4D9EC99A882440C04E14A6C4D977C2BE.d.69F553A6158465935ACCC13926E3503F.e.537"
}
[1776784756.498][INFO]: Waiting for pending navigations...
[1776784756.498][INFO]: Done waiting for pending navigations. Status: ok
[1776784756.501][INFO]: Waiting for pending navigations...
[1776784756.502][INFO]: Done waiting for pending navigations. Status: ok
[1776784756.502][INFO]: [31071e06e3e81bfe6e88effcbba67390] RESPONSE GetElementText "4.5"
[1776784756.503][INFO]: [31071e06e3e81bfe6e88effcbba67390] COMMAND GetElementText {
   "id": "f.4D9EC99A882440C04E14A6C4D977C2BE.d.69F553A6158465935ACCC13926E3503F.e.538"
}
[1776784756.503][INFO]: Waiting for pending navigations...
[1776784756.503][INFO]: Done waiting for pending navigations. Status: ok
[1776784756.506][INFO]: Waiting for pending navigations...
[1776784756.507][INFO]: Done waiting for pending navigations. Status: ok
[1776784756.507][INFO]: [31071e06e3e81bfe6e88effcbba67390] RESPONSE GetElementText "4.3"
[1776784756.510][INFO]: [31071e06e3e81bfe6e88effcbba67390] COMMAND Navigate {
   "url": "https://www.flipkart.com/"
}
[1776784756.510][INFO]: Waiting for pending navigations...
[1776784756.511][INFO]: Done waiting for pending navigations. Status: ok
[1776784756.637][INFO]: Waiting for pending navigations...
[1776784757.567][INFO]: Done waiting for pending navigations. Status: ok
[1776784757.567][INFO]: [31071e06e3e81bfe6e88effcbba67390] RESPONSE Navigate
[1776784757.570][INFO]: [31071e06e3e81bfe6e88effcbba67390] COMMAND FindElement {
   "using": "xpath",
   "value": "//form[@class='lilxh_ header-form-search']//input[@title='Search for Products, Brands and More']"
}
[1776784757.570][INFO]: Waiting for pending navigations...
[1776784757.573][INFO]: Done waiting for pending navigations. Status: ok
[1776784757.592][INFO]: Waiting for pending navigations...
[1776784757.609][INFO]: Done waiting for pending navigations. Status: ok
[1776784757.610][INFO]: [31071e06e3e81bfe6e88effcbba67390] RESPONSE FindElement {
   "element-6066-11e4-a52e-4f735466cecf": "f.4D9EC99A882440C04E14A6C4D977C2BE.d.5C49B1F0904EC0B4FE26D8255014A2A0.e.599"
}
[1776784757.615][INFO]: [31071e06e3e81bfe6e88effcbba67390] COMMAND ClearElement {
   "id": "f.4D9EC99A882440C04E14A6C4D977C2BE.d.5C49B1F0904EC0B4FE26D8255014A2A0.e.599"
}
[1776784757.615][INFO]: Waiting for pending navigations...
[1776784757.618][INFO]: Done waiting for pending navigations. Status: ok
[1776784757.738][INFO]: Waiting for pending navigations...
[1776784757.739][INFO]: Done waiting for pending navigations. Status: ok
[1776784757.739][INFO]: [31071e06e3e81bfe6e88effcbba67390] RESPONSE ClearElement
[1776784757.740][INFO]: [31071e06e3e81bfe6e88effcbba67390] COMMAND FindElement {
   "using": "xpath",
   "value": "//form[@class='lilxh_ header-form-search']//input[@title='Search for Products, Brands and More']"
}
[1776784757.740][INFO]: Waiting for pending navigations...
[1776784757.740][INFO]: Done waiting for pending navigations. Status: ok
[1776784757.743][INFO]: Waiting for pending navigations...
[1776784757.744][INFO]: Done waiting for pending navigations. Status: ok
[1776784757.744][INFO]: [31071e06e3e81bfe6e88effcbba67390] RESPONSE FindElement {
   "element-6066-11e4-a52e-4f735466cecf": "f.4D9EC99A882440C04E14A6C4D977C2BE.d.5C49B1F0904EC0B4FE26D8255014A2A0.e.599"
}
[1776784757.745][INFO]: [31071e06e3e81bfe6e88effcbba67390] COMMAND TypeElement {
   "id": "f.4D9EC99A882440C04E14A6C4D977C2BE.d.5C49B1F0904EC0B4FE26D8255014A2A0.e.599",
   "text": "iPhone",
   "value": [ "i", "P", "h", "o", "n", "e", "" ]
}
[1776784757.745][INFO]: Waiting for pending navigations...
[1776784757.746][INFO]: Done waiting for pending navigations. Status: ok
[1776784757.783][INFO]: Waiting for pending navigations...
[1776784759.645][INFO]: Done waiting for pending navigations. Status: ok
[1776784759.645][INFO]: [31071e06e3e81bfe6e88effcbba67390] RESPONSE TypeElement
[1776784764.652][INFO]: [31071e06e3e81bfe6e88effcbba67390] COMMAND FindElement {
   "using": "xpath",
   "value": "//div[@class='kMXMaw']//div[@title='10% or more']"
}
[1776784764.653][INFO]: Waiting for pending navigations...
[1776784764.654][INFO]: Done waiting for pending navigations. Status: ok
[1776784764.662][INFO]: Waiting for pending navigations...
[1776784764.662][INFO]: Done waiting for pending navigations. Status: ok
[1776784764.662][INFO]: [31071e06e3e81bfe6e88effcbba67390] RESPONSE FindElement {
   "element-6066-11e4-a52e-4f735466cecf": "f.4D9EC99A882440C04E14A6C4D977C2BE.d.F509141546BA2E37FBC4E95EA385E9D4.e.927"
}
[1776784764.663][INFO]: [31071e06e3e81bfe6e88effcbba67390] COMMAND GetElementText {
   "id": "f.4D9EC99A882440C04E14A6C4D977C2BE.d.F509141546BA2E37FBC4E95EA385E9D4.e.927"
}
[1776784764.663][INFO]: Waiting for pending navigations...
[1776784764.664][INFO]: Done waiting for pending navigations. Status: ok
[1776784764.667][INFO]: Waiting for pending navigations...
[1776784764.667][INFO]: Done waiting for pending navigations. Status: ok
[1776784764.667][INFO]: [31071e06e3e81bfe6e88effcbba67390] RESPONSE GetElementText "10% or more"
[1776784764.669][INFO]: [31071e06e3e81bfe6e88effcbba67390] COMMAND ClickElement {
   "id": "f.4D9EC99A882440C04E14A6C4D977C2BE.d.F509141546BA2E37FBC4E95EA385E9D4.e.927"
}
[1776784764.669][INFO]: Waiting for pending navigations...
[1776784764.669][INFO]: Done waiting for pending navigations. Status: ok
[1776784764.715][INFO]: Waiting for pending navigations...
[1776784764.718][INFO]: Done waiting for pending navigations. Status: ok
[1776784764.718][INFO]: [31071e06e3e81bfe6e88effcbba67390] RESPONSE ClickElement
[1776784769.734][INFO]: [31071e06e3e81bfe6e88effcbba67390] COMMAND FindElements {
   "using": "xpath",
   "value": "//div[@class='ZFwe0M row']//div[@class='HQe8jr']/span"
}
[1776784769.735][INFO]: Waiting for pending navigations...
[1776784769.736][INFO]: Done waiting for pending navigations. Status: ok
[1776784769.742][INFO]: Waiting for pending navigations...
[1776784769.742][INFO]: Done waiting for pending navigations. Status: ok
[1776784769.742][INFO]: [31071e06e3e81bfe6e88effcbba67390] RESPONSE FindElements [ {
   "element-6066-11e4-a52e-4f735466cecf": "f.4D9EC99A882440C04E14A6C4D977C2BE.d.F509141546BA2E37FBC4E95EA385E9D4.e.1006"
}, {
   "element-6066-11e4-a52e-4f735466cecf": "f.4D9EC99A882440C04E14A6C4D977C2BE.d.F509141546BA2E37FBC4E95EA385E9D4.e.1007"
}, {
   "element-6066-11e4-a52e-4f735466cecf": "f.4D9EC99A882440C04E14A6C4D977C2BE.d.F509141546BA2E37FBC4E95EA385E9D4.e.1008"
}, {
   "element-6066-11e4-a52e-4f735466cecf": "f.4D9EC99A882440C04E14A6C4D977C2BE.d.F509141546BA2E37FBC4E95EA385E9D4.e.1009"
}, {
   "element-6066-11e4-a52e-4f735466cecf": "f.4D9EC99A882440C04E14A6C4D977C2BE.d.F509141546BA2E37FBC4E95EA385E9D4.e.1010"
}, {
   "element-6066-11e4-a52e-4f735466cecf": "f.4D9EC99A882440C04E14A6C4D977C2BE.d.F509141546BA2E37FBC4E95EA385E9D4.e.1011"
}, {
   "element-6066-11e4-a52e-4f735466cecf": "f.4D9EC99A882440C04E14A6C4D977C2BE.d.F509141546BA2E37FBC4E95EA385E9D4.e.1012"
}, {
   "element-6066-11e4-a52e-4f735466cecf": "f.4D9EC99A882440C04E14A6C4D977C2BE.d.F509141546BA2E37FBC4E95EA385E9D4.e.1013"
}, {
   "element-6066-11e4-a52e-4f735466cecf": "f.4D9EC99A882440C04E14A6C4D977C2BE.d.F509141546BA2E37FBC4E95EA385E9D4.e.1014"
}, {
   "element-6066-11e4-a52e-4f735466cecf": "f.4D9EC99A882440C04E14A6C4D977C2BE.d.F509141546BA2E37FBC4E95EA385E9D4.e.1015"
}, {
   "element-6066-11e4-a52e-4f735466cecf": "f.4D9EC99A882440C04E14A6C4D977C2BE.d.F509141546BA2E37FBC4E95EA385E9D4.e.1016"
}, {
   "element-6066-11e4-a52e-4f735466cecf": "f.4D9EC99A882440C04E14A6C4D977C2BE.d.F509141546BA2E37FBC4E95EA385E9D4.e.1017"
}, {
   "element-6066-11e4-a52e-4f735466cecf": "f.4D9EC99A882440C04E14A6C4D977C2BE.d.F509141546BA2E37FBC4E95EA385E9D4.e.1018"
}, {
   "element-6066-11e4-a52e-4f735466cecf": "f.4D9EC99A882440C04E14A6C4D977C2BE.d.F509141546BA2E37FBC4E95EA385E9D4.e.1019"
}, {
   "element-6066-11e4-a52e-4f735466cecf": "f.4D9EC99A882440C04E14A6C4D977C2BE.d.F509141546BA2E37FBC4E95EA385E9D4.e.1020"
}, {
   "element-6066-11e4-a52e-4f735466cecf": "f.4D9EC99A882440C04E14A6C4D977C2BE.d.F509141546BA2E37FBC4E95EA385E9D4.e.1021"
}, {
   "element-6066-11e4-a52e-4f735466cecf": "f.4D9EC99A882440C04E14A6C4D977C2BE.d.F509141546BA2E37FBC4E95EA385E9D4.e.1022"
}, {
   "element-6066-11e4-a52e-4f735466cecf": "f.4D9EC99A882440C04E14A6C4D977C2BE.d.F509141546BA2E37FBC4E95EA385E9D4.e.1023"
}, {
   "element-6066-11e4-a52e-4f735466cecf": "f.4D9EC99A882440C04E14A6C4D977C2BE.d.F509141546BA2E37FBC4E95EA385E9D4.e.1024"
}, "..." ]
[1776784769.745][INFO]: [31071e06e3e81bfe6e88effcbba67390] COMMAND GetElementText {
   "id": "f.4D9EC99A882440C04E14A6C4D977C2BE.d.F509141546BA2E37FBC4E95EA385E9D4.e.1006"
}
[1776784769.745][INFO]: Waiting for pending navigations...
[1776784769.745][INFO]: Done waiting for pending navigations. Status: ok
[1776784769.748][INFO]: Waiting for pending navigations...
[1776784769.749][INFO]: Done waiting for pending navigations. Status: ok
[1776784769.749][INFO]: [31071e06e3e81bfe6e88effcbba67390] RESPONSE GetElementText "16% off"
[1776784769.750][INFO]: [31071e06e3e81bfe6e88effcbba67390] COMMAND GetElementText {
   "id": "f.4D9EC99A882440C04E14A6C4D977C2BE.d.F509141546BA2E37FBC4E95EA385E9D4.e.1007"
}
[1776784769.750][INFO]: Waiting for pending navigations...
[1776784769.750][INFO]: Done waiting for pending navigations. Status: ok
[1776784769.753][INFO]: Waiting for pending navigations...
[1776784769.753][INFO]: Done waiting for pending navigations. Status: ok
[1776784769.753][INFO]: [31071e06e3e81bfe6e88effcbba67390] RESPONSE GetElementText "16% off"
[1776784769.754][INFO]: [31071e06e3e81bfe6e88effcbba67390] COMMAND GetElementText {
   "id": "f.4D9EC99A882440C04E14A6C4D977C2BE.d.F509141546BA2E37FBC4E95EA385E9D4.e.1008"
}
[1776784769.754][INFO]: Waiting for pending navigations...
[1776784769.755][INFO]: Done waiting for pending navigations. Status: ok
[1776784769.757][INFO]: Waiting for pending navigations...
[1776784769.758][INFO]: Done waiting for pending navigations. Status: ok
[1776784769.758][INFO]: [31071e06e3e81bfe6e88effcbba67390] RESPONSE GetElementText "16% off"
[1776784769.759][INFO]: [31071e06e3e81bfe6e88effcbba67390] COMMAND GetElementText {
   "id": "f.4D9EC99A882440C04E14A6C4D977C2BE.d.F509141546BA2E37FBC4E95EA385E9D4.e.1009"
}
[1776784769.759][INFO]: Waiting for pending navigations...
[1776784769.759][INFO]: Done waiting for pending navigations. Status: ok
[1776784769.762][INFO]: Waiting for pending navigations...
[1776784769.762][INFO]: Done waiting for pending navigations. Status: ok
[1776784769.762][INFO]: [31071e06e3e81bfe6e88effcbba67390] RESPONSE GetElementText "14% off"
[1776784769.763][INFO]: [31071e06e3e81bfe6e88effcbba67390] COMMAND GetElementText {
   "id": "f.4D9EC99A882440C04E14A6C4D977C2BE.d.F509141546BA2E37FBC4E95EA385E9D4.e.1010"
}
[1776784769.763][INFO]: Waiting for pending navigations...
[1776784769.763][INFO]: Done waiting for pending navigations. Status: ok
[1776784769.766][INFO]: Waiting for pending navigations...
[1776784769.766][INFO]: Done waiting for pending navigations. Status: ok
[1776784769.766][INFO]: [31071e06e3e81bfe6e88effcbba67390] RESPONSE GetElementText "16% off"
[1776784769.767][INFO]: [31071e06e3e81bfe6e88effcbba67390] COMMAND GetElementText {
   "id": "f.4D9EC99A882440C04E14A6C4D977C2BE.d.F509141546BA2E37FBC4E95EA385E9D4.e.1011"
}
[1776784769.767][INFO]: Waiting for pending navigations...
[1776784769.767][INFO]: Done waiting for pending navigations. Status: ok
[1776784769.770][INFO]: Waiting for pending navigations...
[1776784769.770][INFO]: Done waiting for pending navigations. Status: ok
[1776784769.770][INFO]: [31071e06e3e81bfe6e88effcbba67390] RESPONSE GetElementText "39% off"
[1776784769.772][INFO]: [31071e06e3e81bfe6e88effcbba67390] COMMAND FindChildElement {
   "id": "f.4D9EC99A882440C04E14A6C4D977C2BE.d.F509141546BA2E37FBC4E95EA385E9D4.e.1011",
   "using": "xpath",
   "value": "//div[@class='ZFwe0M row']//div[@class='HQe8jr']/span/./../../../../..//div[@class='RG5Slk']"
}
[1776784769.772][INFO]: Waiting for pending navigations...
[1776784769.772][INFO]: Done waiting for pending navigations. Status: ok
[1776784769.777][INFO]: Waiting for pending navigations...
[1776784769.777][INFO]: Done waiting for pending navigations. Status: ok
[1776784769.777][INFO]: [31071e06e3e81bfe6e88effcbba67390] RESPONSE FindChildElement {
   "element-6066-11e4-a52e-4f735466cecf": "f.4D9EC99A882440C04E14A6C4D977C2BE.d.F509141546BA2E37FBC4E95EA385E9D4.e.1030"
}
[1776784769.778][INFO]: [31071e06e3e81bfe6e88effcbba67390] COMMAND GetElementText {
   "id": "f.4D9EC99A882440C04E14A6C4D977C2BE.d.F509141546BA2E37FBC4E95EA385E9D4.e.1030"
}
[1776784769.778][INFO]: Waiting for pending navigations...
[1776784769.779][INFO]: Done waiting for pending navigations. Status: ok
[1776784769.781][INFO]: Waiting for pending navigations...
[1776784769.782][INFO]: Done waiting for pending navigations. Status: ok
[1776784769.782][INFO]: [31071e06e3e81bfe6e88effcbba67390] RESPONSE GetElementText "Apple iPhone Air (Sky Blue, 256 GB)"
[1776784769.783][INFO]: [31071e06e3e81bfe6e88effcbba67390] COMMAND GetElementText {
   "id": "f.4D9EC99A882440C04E14A6C4D977C2BE.d.F509141546BA2E37FBC4E95EA385E9D4.e.1012"
}
[1776784769.783][INFO]: Waiting for pending navigations...
[1776784769.783][INFO]: Done waiting for pending navigations. Status: ok
[1776784769.786][INFO]: Waiting for pending navigations...
[1776784769.786][INFO]: Done waiting for pending navigations. Status: ok
[1776784769.786][INFO]: [31071e06e3e81bfe6e88effcbba67390] RESPONSE GetElementText "12% off"
[1776784769.787][INFO]: [31071e06e3e81bfe6e88effcbba67390] COMMAND GetElementText {
   "id": "f.4D9EC99A882440C04E14A6C4D977C2BE.d.F509141546BA2E37FBC4E95EA385E9D4.e.1013"
}
[1776784769.787][INFO]: Waiting for pending navigations...
[1776784769.787][INFO]: Done waiting for pending navigations. Status: ok
[1776784769.790][INFO]: Waiting for pending navigations...
[1776784769.790][INFO]: Done waiting for pending navigations. Status: ok
[1776784769.790][INFO]: [31071e06e3e81bfe6e88effcbba67390] RESPONSE GetElementText "30% off"
[1776784769.791][INFO]: [31071e06e3e81bfe6e88effcbba67390] COMMAND FindChildElement {
   "id": "f.4D9EC99A882440C04E14A6C4D977C2BE.d.F509141546BA2E37FBC4E95EA385E9D4.e.1013",
   "using": "xpath",
   "value": "//div[@class='ZFwe0M row']//div[@class='HQe8jr']/span/./../../../../..//div[@class='RG5Slk']"
}
[1776784769.791][INFO]: Waiting for pending navigations...
[1776784769.791][INFO]: Done waiting for pending navigations. Status: ok
[1776784769.794][INFO]: Waiting for pending navigations...
[1776784769.795][INFO]: Done waiting for pending navigations. Status: ok
[1776784769.795][INFO]: [31071e06e3e81bfe6e88effcbba67390] RESPONSE FindChildElement {
   "element-6066-11e4-a52e-4f735466cecf": "f.4D9EC99A882440C04E14A6C4D977C2BE.d.F509141546BA2E37FBC4E95EA385E9D4.e.1030"
}
[1776784769.795][INFO]: [31071e06e3e81bfe6e88effcbba67390] COMMAND GetElementText {
   "id": "f.4D9EC99A882440C04E14A6C4D977C2BE.d.F509141546BA2E37FBC4E95EA385E9D4.e.1030"
}
[1776784769.795][INFO]: Waiting for pending navigations...
[1776784769.796][INFO]: Done waiting for pending navigations. Status: ok
[1776784769.798][INFO]: Waiting for pending navigations...
[1776784769.798][INFO]: Done waiting for pending navigations. Status: ok
[1776784769.798][INFO]: [31071e06e3e81bfe6e88effcbba67390] RESPONSE GetElementText "Apple iPhone Air (Sky Blue, 256 GB)"
[1776784769.799][INFO]: [31071e06e3e81bfe6e88effcbba67390] COMMAND GetElementText {
   "id": "f.4D9EC99A882440C04E14A6C4D977C2BE.d.F509141546BA2E37FBC4E95EA385E9D4.e.1014"
}
[1776784769.799][INFO]: Waiting for pending navigations...
[1776784769.799][INFO]: Done waiting for pending navigations. Status: ok
[1776784769.802][INFO]: Waiting for pending navigations...
[1776784769.802][INFO]: Done waiting for pending navigations. Status: ok
[1776784769.802][INFO]: [31071e06e3e81bfe6e88effcbba67390] RESPONSE GetElementText "30% off"
[1776784769.803][INFO]: [31071e06e3e81bfe6e88effcbba67390] COMMAND FindChildElement {
   "id": "f.4D9EC99A882440C04E14A6C4D977C2BE.d.F509141546BA2E37FBC4E95EA385E9D4.e.1014",
   "using": "xpath",
   "value": "//div[@class='ZFwe0M row']//div[@class='HQe8jr']/span/./../../../../..//div[@class='RG5Slk']"
}
[1776784769.803][INFO]: Waiting for pending navigations...
[1776784769.804][INFO]: Done waiting for pending navigations. Status: ok
[1776784769.807][INFO]: Waiting for pending navigations...
[1776784769.807][INFO]: Done waiting for pending navigations. Status: ok
[1776784769.807][INFO]: [31071e06e3e81bfe6e88effcbba67390] RESPONSE FindChildElement {
   "element-6066-11e4-a52e-4f735466cecf": "f.4D9EC99A882440C04E14A6C4D977C2BE.d.F509141546BA2E37FBC4E95EA385E9D4.e.1030"
}
[1776784769.808][INFO]: [31071e06e3e81bfe6e88effcbba67390] COMMAND GetElementText {
   "id": "f.4D9EC99A882440C04E14A6C4D977C2BE.d.F509141546BA2E37FBC4E95EA385E9D4.e.1030"
}
[1776784769.808][INFO]: Waiting for pending navigations...
[1776784769.808][INFO]: Done waiting for pending navigations. Status: ok
[1776784769.810][INFO]: Waiting for pending navigations...
[1776784769.811][INFO]: Done waiting for pending navigations. Status: ok
[1776784769.811][INFO]: [31071e06e3e81bfe6e88effcbba67390] RESPONSE GetElementText "Apple iPhone Air (Sky Blue, 256 GB)"
[1776784769.812][INFO]: [31071e06e3e81bfe6e88effcbba67390] COMMAND GetElementText {
   "id": "f.4D9EC99A882440C04E14A6C4D977C2BE.d.F509141546BA2E37FBC4E95EA385E9D4.e.1015"
}
[1776784769.812][INFO]: Waiting for pending navigations...
[1776784769.812][INFO]: Done waiting for pending navigations. Status: ok
[1776784769.814][INFO]: Waiting for pending navigations...
[1776784769.815][INFO]: Done waiting for pending navigations. Status: ok
[1776784769.815][INFO]: [31071e06e3e81bfe6e88effcbba67390] RESPONSE GetElementText "35% off"
[1776784769.816][INFO]: [31071e06e3e81bfe6e88effcbba67390] COMMAND FindChildElement {
   "id": "f.4D9EC99A882440C04E14A6C4D977C2BE.d.F509141546BA2E37FBC4E95EA385E9D4.e.1015",
   "using": "xpath",
   "value": "//div[@class='ZFwe0M row']//div[@class='HQe8jr']/span/./../../../../..//div[@class='RG5Slk']"
}
[1776784769.816][INFO]: Waiting for pending navigations...
[1776784769.816][INFO]: Done waiting for pending navigations. Status: ok
[1776784769.819][INFO]: Waiting for pending navigations...
[1776784769.819][INFO]: Done waiting for pending navigations. Status: ok
[1776784769.819][INFO]: [31071e06e3e81bfe6e88effcbba67390] RESPONSE FindChildElement {
   "element-6066-11e4-a52e-4f735466cecf": "f.4D9EC99A882440C04E14A6C4D977C2BE.d.F509141546BA2E37FBC4E95EA385E9D4.e.1030"
}
[1776784769.820][INFO]: [31071e06e3e81bfe6e88effcbba67390] COMMAND GetElementText {
   "id": "f.4D9EC99A882440C04E14A6C4D977C2BE.d.F509141546BA2E37FBC4E95EA385E9D4.e.1030"
}
[1776784769.820][INFO]: Waiting for pending navigations...
[1776784769.820][INFO]: Done waiting for pending navigations. Status: ok
[1776784769.823][INFO]: Waiting for pending navigations...
[1776784769.823][INFO]: Done waiting for pending navigations. Status: ok
[1776784769.823][INFO]: [31071e06e3e81bfe6e88effcbba67390] RESPONSE GetElementText "Apple iPhone Air (Sky Blue, 256 GB)"
[1776784769.824][INFO]: [31071e06e3e81bfe6e88effcbba67390] COMMAND GetElementText {
   "id": "f.4D9EC99A882440C04E14A6C4D977C2BE.d.F509141546BA2E37FBC4E95EA385E9D4.e.1016"
}
[1776784769.824][INFO]: Waiting for pending navigations...
[1776784769.824][INFO]: Done waiting for pending navigations. Status: ok
[1776784769.826][INFO]: Waiting for pending navigations...
[1776784769.827][INFO]: Done waiting for pending navigations. Status: ok
[1776784769.827][INFO]: [31071e06e3e81bfe6e88effcbba67390] RESPONSE GetElementText "28% off"
[1776784769.828][INFO]: [31071e06e3e81bfe6e88effcbba67390] COMMAND FindChildElement {
   "id": "f.4D9EC99A882440C04E14A6C4D977C2BE.d.F509141546BA2E37FBC4E95EA385E9D4.e.1016",
   "using": "xpath",
   "value": "//div[@class='ZFwe0M row']//div[@class='HQe8jr']/span/./../../../../..//div[@class='RG5Slk']"
}
[1776784769.828][INFO]: Waiting for pending navigations...
[1776784769.828][INFO]: Done waiting for pending navigations. Status: ok
[1776784769.831][INFO]: Waiting for pending navigations...
[1776784769.831][INFO]: Done waiting for pending navigations. Status: ok
[1776784769.831][INFO]: [31071e06e3e81bfe6e88effcbba67390] RESPONSE FindChildElement {
   "element-6066-11e4-a52e-4f735466cecf": "f.4D9EC99A882440C04E14A6C4D977C2BE.d.F509141546BA2E37FBC4E95EA385E9D4.e.1030"
}
[1776784769.832][INFO]: [31071e06e3e81bfe6e88effcbba67390] COMMAND GetElementText {
   "id": "f.4D9EC99A882440C04E14A6C4D977C2BE.d.F509141546BA2E37FBC4E95EA385E9D4.e.1030"
}
[1776784769.832][INFO]: Waiting for pending navigations...
[1776784769.832][INFO]: Done waiting for pending navigations. Status: ok
[1776784769.835][INFO]: Waiting for pending navigations...
[1776784769.835][INFO]: Done waiting for pending navigations. Status: ok
[1776784769.835][INFO]: [31071e06e3e81bfe6e88effcbba67390] RESPONSE GetElementText "Apple iPhone Air (Sky Blue, 256 GB)"
[1776784769.836][INFO]: [31071e06e3e81bfe6e88effcbba67390] COMMAND GetElementText {
   "id": "f.4D9EC99A882440C04E14A6C4D977C2BE.d.F509141546BA2E37FBC4E95EA385E9D4.e.1017"
}
[1776784769.836][INFO]: Waiting for pending navigations...
[1776784769.836][INFO]: Done waiting for pending navigations. Status: ok
[1776784769.838][INFO]: Waiting for pending navigations...
[1776784769.838][INFO]: Done waiting for pending navigations. Status: ok
[1776784769.838][INFO]: [31071e06e3e81bfe6e88effcbba67390] RESPONSE GetElementText "32% off"
[1776784769.839][INFO]: [31071e06e3e81bfe6e88effcbba67390] COMMAND FindChildElement {
   "id": "f.4D9EC99A882440C04E14A6C4D977C2BE.d.F509141546BA2E37FBC4E95EA385E9D4.e.1017",
   "using": "xpath",
   "value": "//div[@class='ZFwe0M row']//div[@class='HQe8jr']/span/./../../../../..//div[@class='RG5Slk']"
}
[1776784769.839][INFO]: Waiting for pending navigations...
[1776784769.840][INFO]: Done waiting for pending navigations. Status: ok
[1776784769.843][INFO]: Waiting for pending navigations...
[1776784769.843][INFO]: Done waiting for pending navigations. Status: ok
[1776784769.843][INFO]: [31071e06e3e81bfe6e88effcbba67390] RESPONSE FindChildElement {
   "element-6066-11e4-a52e-4f735466cecf": "f.4D9EC99A882440C04E14A6C4D977C2BE.d.F509141546BA2E37FBC4E95EA385E9D4.e.1030"
}
[1776784769.844][INFO]: [31071e06e3e81bfe6e88effcbba67390] COMMAND GetElementText {
   "id": "f.4D9EC99A882440C04E14A6C4D977C2BE.d.F509141546BA2E37FBC4E95EA385E9D4.e.1030"
}
[1776784769.844][INFO]: Waiting for pending navigations...
[1776784769.844][INFO]: Done waiting for pending navigations. Status: ok
[1776784769.847][INFO]: Waiting for pending navigations...
[1776784769.847][INFO]: Done waiting for pending navigations. Status: ok
[1776784769.847][INFO]: [31071e06e3e81bfe6e88effcbba67390] RESPONSE GetElementText "Apple iPhone Air (Sky Blue, 256 GB)"
[1776784769.848][INFO]: [31071e06e3e81bfe6e88effcbba67390] COMMAND GetElementText {
   "id": "f.4D9EC99A882440C04E14A6C4D977C2BE.d.F509141546BA2E37FBC4E95EA385E9D4.e.1018"
}
[1776784769.848][INFO]: Waiting for pending navigations...
[1776784769.848][INFO]: Done waiting for pending navigations. Status: ok
[1776784769.850][INFO]: Waiting for pending navigations...
[1776784769.851][INFO]: Done waiting for pending navigations. Status: ok
[1776784769.851][INFO]: [31071e06e3e81bfe6e88effcbba67390] RESPONSE GetElementText "38% off"
[1776784769.851][INFO]: [31071e06e3e81bfe6e88effcbba67390] COMMAND FindChildElement {
   "id": "f.4D9EC99A882440C04E14A6C4D977C2BE.d.F509141546BA2E37FBC4E95EA385E9D4.e.1018",
   "using": "xpath",
   "value": "//div[@class='ZFwe0M row']//div[@class='HQe8jr']/span/./../../../../..//div[@class='RG5Slk']"
}
[1776784769.852][INFO]: Waiting for pending navigations...
[1776784769.852][INFO]: Done waiting for pending navigations. Status: ok
[1776784769.855][INFO]: Waiting for pending navigations...
[1776784769.855][INFO]: Done waiting for pending navigations. Status: ok
[1776784769.855][INFO]: [31071e06e3e81bfe6e88effcbba67390] RESPONSE FindChildElement {
   "element-6066-11e4-a52e-4f735466cecf": "f.4D9EC99A882440C04E14A6C4D977C2BE.d.F509141546BA2E37FBC4E95EA385E9D4.e.1030"
}
[1776784769.856][INFO]: [31071e06e3e81bfe6e88effcbba67390] COMMAND GetElementText {
   "id": "f.4D9EC99A882440C04E14A6C4D977C2BE.d.F509141546BA2E37FBC4E95EA385E9D4.e.1030"
}
[1776784769.856][INFO]: Waiting for pending navigations...
[1776784769.856][INFO]: Done waiting for pending navigations. Status: ok
[1776784769.859][INFO]: Waiting for pending navigations...
[1776784769.859][INFO]: Done waiting for pending navigations. Status: ok
[1776784769.859][INFO]: [31071e06e3e81bfe6e88effcbba67390] RESPONSE GetElementText "Apple iPhone Air (Sky Blue, 256 GB)"
[1776784769.860][INFO]: [31071e06e3e81bfe6e88effcbba67390] COMMAND GetElementText {
   "id": "f.4D9EC99A882440C04E14A6C4D977C2BE.d.F509141546BA2E37FBC4E95EA385E9D4.e.1019"
}
[1776784769.860][INFO]: Waiting for pending navigations...
[1776784769.860][INFO]: Done waiting for pending navigations. Status: ok
[1776784769.863][INFO]: Waiting for pending navigations...
[1776784769.863][INFO]: Done waiting for pending navigations. Status: ok
[1776784769.863][INFO]: [31071e06e3e81bfe6e88effcbba67390] RESPONSE GetElementText "30% off"
[1776784769.864][INFO]: [31071e06e3e81bfe6e88effcbba67390] COMMAND FindChildElement {
   "id": "f.4D9EC99A882440C04E14A6C4D977C2BE.d.F509141546BA2E37FBC4E95EA385E9D4.e.1019",
   "using": "xpath",
   "value": "//div[@class='ZFwe0M row']//div[@class='HQe8jr']/span/./../../../../..//div[@class='RG5Slk']"
}
[1776784769.864][INFO]: Waiting for pending navigations...
[1776784769.864][INFO]: Done waiting for pending navigations. Status: ok
[1776784769.867][INFO]: Waiting for pending navigations...
[1776784769.868][INFO]: Done waiting for pending navigations. Status: ok
[1776784769.868][INFO]: [31071e06e3e81bfe6e88effcbba67390] RESPONSE FindChildElement {
   "element-6066-11e4-a52e-4f735466cecf": "f.4D9EC99A882440C04E14A6C4D977C2BE.d.F509141546BA2E37FBC4E95EA385E9D4.e.1030"
}
[1776784769.868][INFO]: [31071e06e3e81bfe6e88effcbba67390] COMMAND GetElementText {
   "id": "f.4D9EC99A882440C04E14A6C4D977C2BE.d.F509141546BA2E37FBC4E95EA385E9D4.e.1030"
}
[1776784769.868][INFO]: Waiting for pending navigations...
[1776784769.869][INFO]: Done waiting for pending navigations. Status: ok
[1776784769.871][INFO]: Waiting for pending navigations...
[1776784769.872][INFO]: Done waiting for pending navigations. Status: ok
[1776784769.872][INFO]: [31071e06e3e81bfe6e88effcbba67390] RESPONSE GetElementText "Apple iPhone Air (Sky Blue, 256 GB)"
[1776784769.872][INFO]: [31071e06e3e81bfe6e88effcbba67390] COMMAND GetElementText {
   "id": "f.4D9EC99A882440C04E14A6C4D977C2BE.d.F509141546BA2E37FBC4E95EA385E9D4.e.1020"
}
[1776784769.872][INFO]: Waiting for pending navigations...
[1776784769.873][INFO]: Done waiting for pending navigations. Status: ok
[1776784769.875][INFO]: Waiting for pending navigations...
[1776784769.876][INFO]: Done waiting for pending navigations. Status: ok
[1776784769.876][INFO]: [31071e06e3e81bfe6e88effcbba67390] RESPONSE GetElementText "30% off"
[1776784769.877][INFO]: [31071e06e3e81bfe6e88effcbba67390] COMMAND FindChildElement {
   "id": "f.4D9EC99A882440C04E14A6C4D977C2BE.d.F509141546BA2E37FBC4E95EA385E9D4.e.1020",
   "using": "xpath",
   "value": "//div[@class='ZFwe0M row']//div[@class='HQe8jr']/span/./../../../../..//div[@class='RG5Slk']"
}
[1776784769.877][INFO]: Waiting for pending navigations...
[1776784769.877][INFO]: Done waiting for pending navigations. Status: ok
[1776784769.880][INFO]: Waiting for pending navigations...
[1776784769.880][INFO]: Done waiting for pending navigations. Status: ok
[1776784769.880][INFO]: [31071e06e3e81bfe6e88effcbba67390] RESPONSE FindChildElement {
   "element-6066-11e4-a52e-4f735466cecf": "f.4D9EC99A882440C04E14A6C4D977C2BE.d.F509141546BA2E37FBC4E95EA385E9D4.e.1030"
}
[1776784769.881][INFO]: [31071e06e3e81bfe6e88effcbba67390] COMMAND GetElementText {
   "id": "f.4D9EC99A882440C04E14A6C4D977C2BE.d.F509141546BA2E37FBC4E95EA385E9D4.e.1030"
}
[1776784769.881][INFO]: Waiting for pending navigations...
[1776784769.882][INFO]: Done waiting for pending navigations. Status: ok
[1776784769.885][INFO]: Waiting for pending navigations...
[1776784769.885][INFO]: Done waiting for pending navigations. Status: ok
[1776784769.885][INFO]: [31071e06e3e81bfe6e88effcbba67390] RESPONSE GetElementText "Apple iPhone Air (Sky Blue, 256 GB)"
[1776784769.886][INFO]: [31071e06e3e81bfe6e88effcbba67390] COMMAND GetElementText {
   "id": "f.4D9EC99A882440C04E14A6C4D977C2BE.d.F509141546BA2E37FBC4E95EA385E9D4.e.1021"
}
[1776784769.886][INFO]: Waiting for pending navigations...
[1776784769.886][INFO]: Done waiting for pending navigations. Status: ok
[1776784769.889][INFO]: Waiting for pending navigations...
[1776784769.889][INFO]: Done waiting for pending navigations. Status: ok
[1776784769.889][INFO]: [31071e06e3e81bfe6e88effcbba67390] RESPONSE GetElementText "48% off"
[1776784769.890][INFO]: [31071e06e3e81bfe6e88effcbba67390] COMMAND FindChildElement {
   "id": "f.4D9EC99A882440C04E14A6C4D977C2BE.d.F509141546BA2E37FBC4E95EA385E9D4.e.1021",
   "using": "xpath",
   "value": "//div[@class='ZFwe0M row']//div[@class='HQe8jr']/span/./../../../../..//div[@class='RG5Slk']"
}
[1776784769.890][INFO]: Waiting for pending navigations...
[1776784769.891][INFO]: Done waiting for pending navigations. Status: ok
[1776784769.893][INFO]: Waiting for pending navigations...
[1776784769.894][INFO]: Done waiting for pending navigations. Status: ok
[1776784769.894][INFO]: [31071e06e3e81bfe6e88effcbba67390] RESPONSE FindChildElement {
   "element-6066-11e4-a52e-4f735466cecf": "f.4D9EC99A882440C04E14A6C4D977C2BE.d.F509141546BA2E37FBC4E95EA385E9D4.e.1030"
}
[1776784769.895][INFO]: [31071e06e3e81bfe6e88effcbba67390] COMMAND GetElementText {
   "id": "f.4D9EC99A882440C04E14A6C4D977C2BE.d.F509141546BA2E37FBC4E95EA385E9D4.e.1030"
}
[1776784769.895][INFO]: Waiting for pending navigations...
[1776784769.895][INFO]: Done waiting for pending navigations. Status: ok
[1776784769.898][INFO]: Waiting for pending navigations...
[1776784769.898][INFO]: Done waiting for pending navigations. Status: ok
[1776784769.898][INFO]: [31071e06e3e81bfe6e88effcbba67390] RESPONSE GetElementText "Apple iPhone Air (Sky Blue, 256 GB)"
[1776784769.899][INFO]: [31071e06e3e81bfe6e88effcbba67390] COMMAND GetElementText {
   "id": "f.4D9EC99A882440C04E14A6C4D977C2BE.d.F509141546BA2E37FBC4E95EA385E9D4.e.1022"
}
[1776784769.899][INFO]: Waiting for pending navigations...
[1776784769.899][INFO]: Done waiting for pending navigations. Status: ok
[1776784769.902][INFO]: Waiting for pending navigations...
[1776784769.902][INFO]: Done waiting for pending navigations. Status: ok
[1776784769.902][INFO]: [31071e06e3e81bfe6e88effcbba67390] RESPONSE GetElementText "14% off"
[1776784769.903][INFO]: [31071e06e3e81bfe6e88effcbba67390] COMMAND GetElementText {
   "id": "f.4D9EC99A882440C04E14A6C4D977C2BE.d.F509141546BA2E37FBC4E95EA385E9D4.e.1023"
}
[1776784769.903][INFO]: Waiting for pending navigations...
[1776784769.903][INFO]: Done waiting for pending navigations. Status: ok
[1776784769.906][INFO]: Waiting for pending navigations...
[1776784769.906][INFO]: Done waiting for pending navigations. Status: ok
[1776784769.906][INFO]: [31071e06e3e81bfe6e88effcbba67390] RESPONSE GetElementText "32% off"
[1776784769.908][INFO]: [31071e06e3e81bfe6e88effcbba67390] COMMAND FindChildElement {
   "id": "f.4D9EC99A882440C04E14A6C4D977C2BE.d.F509141546BA2E37FBC4E95EA385E9D4.e.1023",
   "using": "xpath",
   "value": "//div[@class='ZFwe0M row']//div[@class='HQe8jr']/span/./../../../../..//div[@class='RG5Slk']"
}
[1776784769.908][INFO]: Waiting for pending navigations...
[1776784769.908][INFO]: Done waiting for pending navigations. Status: ok
[1776784769.912][INFO]: Waiting for pending navigations...
[1776784769.912][INFO]: Done waiting for pending navigations. Status: ok
[1776784769.912][INFO]: [31071e06e3e81bfe6e88effcbba67390] RESPONSE FindChildElement {
   "element-6066-11e4-a52e-4f735466cecf": "f.4D9EC99A882440C04E14A6C4D977C2BE.d.F509141546BA2E37FBC4E95EA385E9D4.e.1030"
}
[1776784769.914][INFO]: [31071e06e3e81bfe6e88effcbba67390] COMMAND GetElementText {
   "id": "f.4D9EC99A882440C04E14A6C4D977C2BE.d.F509141546BA2E37FBC4E95EA385E9D4.e.1030"
}
[1776784769.914][INFO]: Waiting for pending navigations...
[1776784769.914][INFO]: Done waiting for pending navigations. Status: ok
[1776784769.917][INFO]: Waiting for pending navigations...
[1776784769.917][INFO]: Done waiting for pending navigations. Status: ok
[1776784769.917][INFO]: [31071e06e3e81bfe6e88effcbba67390] RESPONSE GetElementText "Apple iPhone Air (Sky Blue, 256 GB)"
[1776784769.919][INFO]: [31071e06e3e81bfe6e88effcbba67390] COMMAND GetElementText {
   "id": "f.4D9EC99A882440C04E14A6C4D977C2BE.d.F509141546BA2E37FBC4E95EA385E9D4.e.1024"
}
[1776784769.919][INFO]: Waiting for pending navigations...
[1776784769.919][INFO]: Done waiting for pending navigations. Status: ok
[1776784769.921][INFO]: Waiting for pending navigations...
[1776784769.922][INFO]: Done waiting for pending navigations. Status: ok
[1776784769.922][INFO]: [31071e06e3e81bfe6e88effcbba67390] RESPONSE GetElementText "12% off"
[1776784769.922][INFO]: [31071e06e3e81bfe6e88effcbba67390] COMMAND GetElementText {
   "id": "f.4D9EC99A882440C04E14A6C4D977C2BE.d.F509141546BA2E37FBC4E95EA385E9D4.e.1025"
}
[1776784769.922][INFO]: Waiting for pending navigations...
[1776784769.923][INFO]: Done waiting for pending navigations. Status: ok
[1776784769.925][INFO]: Waiting for pending navigations...
[1776784769.926][INFO]: Done waiting for pending navigations. Status: ok
[1776784769.926][INFO]: [31071e06e3e81bfe6e88effcbba67390] RESPONSE GetElementText "14% off"
[1776784769.926][INFO]: [31071e06e3e81bfe6e88effcbba67390] COMMAND GetElementText {
   "id": "f.4D9EC99A882440C04E14A6C4D977C2BE.d.F509141546BA2E37FBC4E95EA385E9D4.e.1026"
}
[1776784769.926][INFO]: Waiting for pending navigations...
[1776784769.927][INFO]: Done waiting for pending navigations. Status: ok
[1776784769.929][INFO]: Waiting for pending navigations...
[1776784769.930][INFO]: Done waiting for pending navigations. Status: ok
[1776784769.930][INFO]: [31071e06e3e81bfe6e88effcbba67390] RESPONSE GetElementText "14% off"
[1776784769.931][INFO]: [31071e06e3e81bfe6e88effcbba67390] COMMAND GetElementText {
   "id": "f.4D9EC99A882440C04E14A6C4D977C2BE.d.F509141546BA2E37FBC4E95EA385E9D4.e.1027"
}
[1776784769.931][INFO]: Waiting for pending navigations...
[1776784769.931][INFO]: Done waiting for pending navigations. Status: ok
[1776784769.933][INFO]: Waiting for pending navigations...
[1776784769.934][INFO]: Done waiting for pending navigations. Status: ok
[1776784769.934][INFO]: [31071e06e3e81bfe6e88effcbba67390] RESPONSE GetElementText "26% off"
[1776784769.935][INFO]: [31071e06e3e81bfe6e88effcbba67390] COMMAND FindChildElement {
   "id": "f.4D9EC99A882440C04E14A6C4D977C2BE.d.F509141546BA2E37FBC4E95EA385E9D4.e.1027",
   "using": "xpath",
   "value": "//div[@class='ZFwe0M row']//div[@class='HQe8jr']/span/./../../../../..//div[@class='RG5Slk']"
}
[1776784769.935][INFO]: Waiting for pending navigations...
[1776784769.935][INFO]: Done waiting for pending navigations. Status: ok
[1776784769.938][INFO]: Waiting for pending navigations...
[1776784769.938][INFO]: Done waiting for pending navigations. Status: ok
[1776784769.938][INFO]: [31071e06e3e81bfe6e88effcbba67390] RESPONSE FindChildElement {
   "element-6066-11e4-a52e-4f735466cecf": "f.4D9EC99A882440C04E14A6C4D977C2BE.d.F509141546BA2E37FBC4E95EA385E9D4.e.1030"
}
[1776784769.939][INFO]: [31071e06e3e81bfe6e88effcbba67390] COMMAND GetElementText {
   "id": "f.4D9EC99A882440C04E14A6C4D977C2BE.d.F509141546BA2E37FBC4E95EA385E9D4.e.1030"
}
[1776784769.939][INFO]: Waiting for pending navigations...
[1776784769.939][INFO]: Done waiting for pending navigations. Status: ok
[1776784769.942][INFO]: Waiting for pending navigations...
[1776784769.942][INFO]: Done waiting for pending navigations. Status: ok
[1776784769.942][INFO]: [31071e06e3e81bfe6e88effcbba67390] RESPONSE GetElementText "Apple iPhone Air (Sky Blue, 256 GB)"
[1776784769.943][INFO]: [31071e06e3e81bfe6e88effcbba67390] COMMAND GetElementText {
   "id": "f.4D9EC99A882440C04E14A6C4D977C2BE.d.F509141546BA2E37FBC4E95EA385E9D4.e.1028"
}
[1776784769.943][INFO]: Waiting for pending navigations...
[1776784769.943][INFO]: Done waiting for pending navigations. Status: ok
[1776784769.946][INFO]: Waiting for pending navigations...
[1776784769.946][INFO]: Done waiting for pending navigations. Status: ok
[1776784769.946][INFO]: [31071e06e3e81bfe6e88effcbba67390] RESPONSE GetElementText "14% off"
[1776784769.947][INFO]: [31071e06e3e81bfe6e88effcbba67390] COMMAND GetElementText {
   "id": "f.4D9EC99A882440C04E14A6C4D977C2BE.d.F509141546BA2E37FBC4E95EA385E9D4.e.1029"
}
[1776784769.947][INFO]: Waiting for pending navigations...
[1776784769.947][INFO]: Done waiting for pending navigations. Status: ok
[1776784769.950][INFO]: Waiting for pending navigations...
[1776784769.950][INFO]: Done waiting for pending navigations. Status: ok
[1776784769.950][INFO]: [31071e06e3e81bfe6e88effcbba67390] RESPONSE GetElementText "12% off"
[1776784769.952][INFO]: [31071e06e3e81bfe6e88effcbba67390] COMMAND Navigate {
   "url": "https://www.flipkart.com/"
}
[1776784769.952][INFO]: Waiting for pending navigations...
[1776784769.953][INFO]: Done waiting for pending navigations. Status: ok
[1776784770.136][INFO]: Waiting for pending navigations...
[1776784771.117][INFO]: Done waiting for pending navigations. Status: ok
[1776784771.117][INFO]: [31071e06e3e81bfe6e88effcbba67390] RESPONSE Navigate
[1776784771.119][INFO]: [31071e06e3e81bfe6e88effcbba67390] COMMAND FindElement {
   "using": "xpath",
   "value": "//input[@title='Search for Products, Brands and More']"
}
[1776784771.119][INFO]: Waiting for pending navigations...
[1776784771.126][INFO]: Done waiting for pending navigations. Status: ok
[1776784771.147][INFO]: Waiting for pending navigations...
[1776784771.153][INFO]: Done waiting for pending navigations. Status: ok
[1776784771.153][INFO]: [31071e06e3e81bfe6e88effcbba67390] RESPONSE FindElement {
   "element-6066-11e4-a52e-4f735466cecf": "f.4D9EC99A882440C04E14A6C4D977C2BE.d.53D3B572D536944A62B6ABFDEA6AE0DA.e.1110"
}
[1776784771.156][INFO]: [31071e06e3e81bfe6e88effcbba67390] COMMAND ClearElement {
   "id": "f.4D9EC99A882440C04E14A6C4D977C2BE.d.53D3B572D536944A62B6ABFDEA6AE0DA.e.1110"
}
[1776784771.156][INFO]: Waiting for pending navigations...
[1776784771.158][INFO]: Done waiting for pending navigations. Status: ok
[1776784771.385][INFO]: Waiting for pending navigations...
[1776784771.386][INFO]: Done waiting for pending navigations. Status: ok
[1776784771.386][INFO]: [31071e06e3e81bfe6e88effcbba67390] RESPONSE ClearElement
[1776784771.387][INFO]: [31071e06e3e81bfe6e88effcbba67390] COMMAND FindElement {
   "using": "xpath",
   "value": "//input[@title='Search for Products, Brands and More']"
}
[1776784771.387][INFO]: Waiting for pending navigations...
[1776784771.388][INFO]: Done waiting for pending navigations. Status: ok
[1776784771.390][INFO]: Waiting for pending navigations...
[1776784771.391][INFO]: Done waiting for pending navigations. Status: ok
[1776784771.391][INFO]: [31071e06e3e81bfe6e88effcbba67390] RESPONSE FindElement {
   "element-6066-11e4-a52e-4f735466cecf": "f.4D9EC99A882440C04E14A6C4D977C2BE.d.53D3B572D536944A62B6ABFDEA6AE0DA.e.1110"
}
[1776784771.392][INFO]: [31071e06e3e81bfe6e88effcbba67390] COMMAND TypeElement {
   "id": "f.4D9EC99A882440C04E14A6C4D977C2BE.d.53D3B572D536944A62B6ABFDEA6AE0DA.e.1110",
   "text": "Coffee Mug",
   "value": [ "C", "o", "f", "f", "e", "e", " ", "M", "u", "g", "" ]
}
[1776784771.392][INFO]: Waiting for pending navigations...
[1776784771.393][INFO]: Done waiting for pending navigations. Status: ok
[1776784771.426][INFO]: Waiting for pending navigations...
[1776784774.123][INFO]: Done waiting for pending navigations. Status: ok
[1776784774.124][INFO]: [31071e06e3e81bfe6e88effcbba67390] RESPONSE TypeElement
[1776784777.139][INFO]: [31071e06e3e81bfe6e88effcbba67390] COMMAND FindElement {
   "using": "xpath",
   "value": "//div[contains(text(),'4★ & above')]"
}
[1776784777.139][INFO]: Waiting for pending navigations...
[1776784777.140][INFO]: Done waiting for pending navigations. Status: ok
[1776784777.148][INFO]: Waiting for pending navigations...
[1776784777.149][INFO]: Done waiting for pending navigations. Status: ok
[1776784777.149][INFO]: [31071e06e3e81bfe6e88effcbba67390] RESPONSE FindElement {
   "element-6066-11e4-a52e-4f735466cecf": "f.4D9EC99A882440C04E14A6C4D977C2BE.d.CABAD284C7C2406DEECF38B0B52E9A15.e.1387"
}
[1776784777.150][INFO]: [31071e06e3e81bfe6e88effcbba67390] COMMAND ClickElement {
   "id": "f.4D9EC99A882440C04E14A6C4D977C2BE.d.CABAD284C7C2406DEECF38B0B52E9A15.e.1387"
}
[1776784777.150][INFO]: Waiting for pending navigations...
[1776784777.151][INFO]: Done waiting for pending navigations. Status: ok
[1776784777.200][INFO]: Waiting for pending navigations...
[1776784777.202][INFO]: Done waiting for pending navigations. Status: ok
[1776784777.202][INFO]: [31071e06e3e81bfe6e88effcbba67390] RESPONSE ClickElement
[1776784780.213][INFO]: [31071e06e3e81bfe6e88effcbba67390] COMMAND FindElements {
   "using": "xpath",
   "value": "//div[@class='a7saXW WDsrYC']//span[@class='PvbNMB']"
}
[1776784780.214][INFO]: Waiting for pending navigations...
[1776784780.214][INFO]: Done waiting for pending navigations. Status: ok
[1776784780.220][INFO]: Waiting for pending navigations...
[1776784780.221][INFO]: Done waiting for pending navigations. Status: ok
[1776784780.221][INFO]: [31071e06e3e81bfe6e88effcbba67390] RESPONSE FindElements [ {
   "element-6066-11e4-a52e-4f735466cecf": "f.4D9EC99A882440C04E14A6C4D977C2BE.d.CABAD284C7C2406DEECF38B0B52E9A15.e.1474"
}, {
   "element-6066-11e4-a52e-4f735466cecf": "f.4D9EC99A882440C04E14A6C4D977C2BE.d.CABAD284C7C2406DEECF38B0B52E9A15.e.1475"
}, {
   "element-6066-11e4-a52e-4f735466cecf": "f.4D9EC99A882440C04E14A6C4D977C2BE.d.CABAD284C7C2406DEECF38B0B52E9A15.e.1476"
}, {
   "element-6066-11e4-a52e-4f735466cecf": "f.4D9EC99A882440C04E14A6C4D977C2BE.d.CABAD284C7C2406DEECF38B0B52E9A15.e.1477"
}, {
   "element-6066-11e4-a52e-4f735466cecf": "f.4D9EC99A882440C04E14A6C4D977C2BE.d.CABAD284C7C2406DEECF38B0B52E9A15.e.1478"
}, {
   "element-6066-11e4-a52e-4f735466cecf": "f.4D9EC99A882440C04E14A6C4D977C2BE.d.CABAD284C7C2406DEECF38B0B52E9A15.e.1479"
}, {
   "element-6066-11e4-a52e-4f735466cecf": "f.4D9EC99A882440C04E14A6C4D977C2BE.d.CABAD284C7C2406DEECF38B0B52E9A15.e.1480"
}, {
   "element-6066-11e4-a52e-4f735466cecf": "f.4D9EC99A882440C04E14A6C4D977C2BE.d.CABAD284C7C2406DEECF38B0B52E9A15.e.1481"
}, {
   "element-6066-11e4-a52e-4f735466cecf": "f.4D9EC99A882440C04E14A6C4D977C2BE.d.CABAD284C7C2406DEECF38B0B52E9A15.e.1482"
}, {
   "element-6066-11e4-a52e-4f735466cecf": "f.4D9EC99A882440C04E14A6C4D977C2BE.d.CABAD284C7C2406DEECF38B0B52E9A15.e.1483"
}, {
   "element-6066-11e4-a52e-4f735466cecf": "f.4D9EC99A882440C04E14A6C4D977C2BE.d.CABAD284C7C2406DEECF38B0B52E9A15.e.1484"
}, {
   "element-6066-11e4-a52e-4f735466cecf": "f.4D9EC99A882440C04E14A6C4D977C2BE.d.CABAD284C7C2406DEECF38B0B52E9A15.e.1485"
}, {
   "element-6066-11e4-a52e-4f735466cecf": "f.4D9EC99A882440C04E14A6C4D977C2BE.d.CABAD284C7C2406DEECF38B0B52E9A15.e.1486"
}, {
   "element-6066-11e4-a52e-4f735466cecf": "f.4D9EC99A882440C04E14A6C4D977C2BE.d.CABAD284C7C2406DEECF38B0B52E9A15.e.1487"
}, {
   "element-6066-11e4-a52e-4f735466cecf": "f.4D9EC99A882440C04E14A6C4D977C2BE.d.CABAD284C7C2406DEECF38B0B52E9A15.e.1488"
}, {
   "element-6066-11e4-a52e-4f735466cecf": "f.4D9EC99A882440C04E14A6C4D977C2BE.d.CABAD284C7C2406DEECF38B0B52E9A15.e.1489"
}, {
   "element-6066-11e4-a52e-4f735466cecf": "f.4D9EC99A882440C04E14A6C4D977C2BE.d.CABAD284C7C2406DEECF38B0B52E9A15.e.1490"
}, {
   "element-6066-11e4-a52e-4f735466cecf": "f.4D9EC99A882440C04E14A6C4D977C2BE.d.CABAD284C7C2406DEECF38B0B52E9A15.e.1491"
}, {
   "element-6066-11e4-a52e-4f735466cecf": "f.4D9EC99A882440C04E14A6C4D977C2BE.d.CABAD284C7C2406DEECF38B0B52E9A15.e.1492"
}, "..." ]
[1776784780.223][INFO]: [31071e06e3e81bfe6e88effcbba67390] COMMAND GetElementText {
   "id": "f.4D9EC99A882440C04E14A6C4D977C2BE.d.CABAD284C7C2406DEECF38B0B52E9A15.e.1474"
}
[1776784780.223][INFO]: Waiting for pending navigations...
[1776784780.223][INFO]: Done waiting for pending navigations. Status: ok
[1776784780.226][INFO]: Waiting for pending navigations...
[1776784780.226][INFO]: Done waiting for pending navigations. Status: ok
[1776784780.226][INFO]: [31071e06e3e81bfe6e88effcbba67390] RESPONSE GetElementText "(158)"
[1776784780.228][INFO]: [31071e06e3e81bfe6e88effcbba67390] COMMAND GetElementText {
   "id": "f.4D9EC99A882440C04E14A6C4D977C2BE.d.CABAD284C7C2406DEECF38B0B52E9A15.e.1475"
}
[1776784780.228][INFO]: Waiting for pending navigations...
[1776784780.228][INFO]: Done waiting for pending navigations. Status: ok
[1776784780.231][INFO]: Waiting for pending navigations...
[1776784780.231][INFO]: Done waiting for pending navigations. Status: ok
[1776784780.231][INFO]: [31071e06e3e81bfe6e88effcbba67390] RESPONSE GetElementText "(32)"
[1776784780.232][INFO]: [31071e06e3e81bfe6e88effcbba67390] COMMAND GetElementText {
   "id": "f.4D9EC99A882440C04E14A6C4D977C2BE.d.CABAD284C7C2406DEECF38B0B52E9A15.e.1476"
}
[1776784780.232][INFO]: Waiting for pending navigations...
[1776784780.232][INFO]: Done waiting for pending navigations. Status: ok
[1776784780.235][INFO]: Waiting for pending navigations...
[1776784780.235][INFO]: Done waiting for pending navigations. Status: ok
[1776784780.235][INFO]: [31071e06e3e81bfe6e88effcbba67390] RESPONSE GetElementText "(1,160)"
[1776784780.236][INFO]: [31071e06e3e81bfe6e88effcbba67390] COMMAND GetElementText {
   "id": "f.4D9EC99A882440C04E14A6C4D977C2BE.d.CABAD284C7C2406DEECF38B0B52E9A15.e.1477"
}
[1776784780.236][INFO]: Waiting for pending navigations...
[1776784780.236][INFO]: Done waiting for pending navigations. Status: ok
[1776784780.239][INFO]: Waiting for pending navigations...
[1776784780.239][INFO]: Done waiting for pending navigations. Status: ok
[1776784780.239][INFO]: [31071e06e3e81bfe6e88effcbba67390] RESPONSE GetElementText "(1,736)"
[1776784780.240][INFO]: [31071e06e3e81bfe6e88effcbba67390] COMMAND GetElementText {
   "id": "f.4D9EC99A882440C04E14A6C4D977C2BE.d.CABAD284C7C2406DEECF38B0B52E9A15.e.1478"
}
[1776784780.240][INFO]: Waiting for pending navigations...
[1776784780.240][INFO]: Done waiting for pending navigations. Status: ok
[1776784780.243][INFO]: Waiting for pending navigations...
[1776784780.243][INFO]: Done waiting for pending navigations. Status: ok
[1776784780.243][INFO]: [31071e06e3e81bfe6e88effcbba67390] RESPONSE GetElementText "(5,783)"
[1776784780.244][INFO]: [31071e06e3e81bfe6e88effcbba67390] COMMAND GetElementText {
   "id": "f.4D9EC99A882440C04E14A6C4D977C2BE.d.CABAD284C7C2406DEECF38B0B52E9A15.e.1479"
}
[1776784780.244][INFO]: Waiting for pending navigations...
[1776784780.244][INFO]: Done waiting for pending navigations. Status: ok
[1776784780.247][INFO]: Waiting for pending navigations...
[1776784780.247][INFO]: Done waiting for pending navigations. Status: ok
[1776784780.247][INFO]: [31071e06e3e81bfe6e88effcbba67390] RESPONSE GetElementText "(67)"
[1776784780.248][INFO]: [31071e06e3e81bfe6e88effcbba67390] COMMAND GetElementText {
   "id": "f.4D9EC99A882440C04E14A6C4D977C2BE.d.CABAD284C7C2406DEECF38B0B52E9A15.e.1480"
}
[1776784780.248][INFO]: Waiting for pending navigations...
[1776784780.248][INFO]: Done waiting for pending navigations. Status: ok
[1776784780.251][INFO]: Waiting for pending navigations...
[1776784780.251][INFO]: Done waiting for pending navigations. Status: ok
[1776784780.251][INFO]: [31071e06e3e81bfe6e88effcbba67390] RESPONSE GetElementText "(415)"
[1776784780.252][INFO]: [31071e06e3e81bfe6e88effcbba67390] COMMAND GetElementText {
   "id": "f.4D9EC99A882440C04E14A6C4D977C2BE.d.CABAD284C7C2406DEECF38B0B52E9A15.e.1481"
}
[1776784780.252][INFO]: Waiting for pending navigations...
[1776784780.252][INFO]: Done waiting for pending navigations. Status: ok
[1776784780.255][INFO]: Waiting for pending navigations...
[1776784780.255][INFO]: Done waiting for pending navigations. Status: ok
[1776784780.255][INFO]: [31071e06e3e81bfe6e88effcbba67390] RESPONSE GetElementText "(2)"
[1776784780.256][INFO]: [31071e06e3e81bfe6e88effcbba67390] COMMAND GetElementText {
   "id": "f.4D9EC99A882440C04E14A6C4D977C2BE.d.CABAD284C7C2406DEECF38B0B52E9A15.e.1482"
}
[1776784780.256][INFO]: Waiting for pending navigations...
[1776784780.256][INFO]: Done waiting for pending navigations. Status: ok
[1776784780.259][INFO]: Waiting for pending navigations...
[1776784780.259][INFO]: Done waiting for pending navigations. Status: ok
[1776784780.259][INFO]: [31071e06e3e81bfe6e88effcbba67390] RESPONSE GetElementText "(217)"
[1776784780.260][INFO]: [31071e06e3e81bfe6e88effcbba67390] COMMAND GetElementText {
   "id": "f.4D9EC99A882440C04E14A6C4D977C2BE.d.CABAD284C7C2406DEECF38B0B52E9A15.e.1483"
}
[1776784780.260][INFO]: Waiting for pending navigations...
[1776784780.260][INFO]: Done waiting for pending navigations. Status: ok
[1776784780.263][INFO]: Waiting for pending navigations...
[1776784780.263][INFO]: Done waiting for pending navigations. Status: ok
[1776784780.263][INFO]: [31071e06e3e81bfe6e88effcbba67390] RESPONSE GetElementText "(320)"
[1776784780.264][INFO]: [31071e06e3e81bfe6e88effcbba67390] COMMAND GetElementText {
   "id": "f.4D9EC99A882440C04E14A6C4D977C2BE.d.CABAD284C7C2406DEECF38B0B52E9A15.e.1484"
}
[1776784780.264][INFO]: Waiting for pending navigations...
[1776784780.265][INFO]: Done waiting for pending navigations. Status: ok
[1776784780.268][INFO]: Waiting for pending navigations...
[1776784780.268][INFO]: Done waiting for pending navigations. Status: ok
[1776784780.268][INFO]: [31071e06e3e81bfe6e88effcbba67390] RESPONSE GetElementText "(41)"
[1776784780.269][INFO]: [31071e06e3e81bfe6e88effcbba67390] COMMAND GetElementText {
   "id": "f.4D9EC99A882440C04E14A6C4D977C2BE.d.CABAD284C7C2406DEECF38B0B52E9A15.e.1485"
}
[1776784780.269][INFO]: Waiting for pending navigations...
[1776784780.269][INFO]: Done waiting for pending navigations. Status: ok
[1776784780.272][INFO]: Waiting for pending navigations...
[1776784780.272][INFO]: Done waiting for pending navigations. Status: ok
[1776784780.272][INFO]: [31071e06e3e81bfe6e88effcbba67390] RESPONSE GetElementText "(1,736)"
[1776784780.273][INFO]: [31071e06e3e81bfe6e88effcbba67390] COMMAND GetElementText {
   "id": "f.4D9EC99A882440C04E14A6C4D977C2BE.d.CABAD284C7C2406DEECF38B0B52E9A15.e.1486"
}
[1776784780.273][INFO]: Waiting for pending navigations...
[1776784780.273][INFO]: Done waiting for pending navigations. Status: ok
[1776784780.276][INFO]: Waiting for pending navigations...
[1776784780.276][INFO]: Done waiting for pending navigations. Status: ok
[1776784780.276][INFO]: [31071e06e3e81bfe6e88effcbba67390] RESPONSE GetElementText "(96)"
[1776784780.277][INFO]: [31071e06e3e81bfe6e88effcbba67390] COMMAND GetElementText {
   "id": "f.4D9EC99A882440C04E14A6C4D977C2BE.d.CABAD284C7C2406DEECF38B0B52E9A15.e.1487"
}
[1776784780.277][INFO]: Waiting for pending navigations...
[1776784780.277][INFO]: Done waiting for pending navigations. Status: ok
[1776784780.280][INFO]: Waiting for pending navigations...
[1776784780.280][INFO]: Done waiting for pending navigations. Status: ok
[1776784780.280][INFO]: [31071e06e3e81bfe6e88effcbba67390] RESPONSE GetElementText "(5)"
[1776784780.281][INFO]: [31071e06e3e81bfe6e88effcbba67390] COMMAND GetElementText {
   "id": "f.4D9EC99A882440C04E14A6C4D977C2BE.d.CABAD284C7C2406DEECF38B0B52E9A15.e.1488"
}
[1776784780.281][INFO]: Waiting for pending navigations...
[1776784780.281][INFO]: Done waiting for pending navigations. Status: ok
[1776784780.284][INFO]: Waiting for pending navigations...
[1776784780.284][INFO]: Done waiting for pending navigations. Status: ok
[1776784780.284][INFO]: [31071e06e3e81bfe6e88effcbba67390] RESPONSE GetElementText "(71)"
[1776784780.285][INFO]: [31071e06e3e81bfe6e88effcbba67390] COMMAND GetElementText {
   "id": "f.4D9EC99A882440C04E14A6C4D977C2BE.d.CABAD284C7C2406DEECF38B0B52E9A15.e.1489"
}
[1776784780.285][INFO]: Waiting for pending navigations...
[1776784780.285][INFO]: Done waiting for pending navigations. Status: ok
[1776784780.288][INFO]: Waiting for pending navigations...
[1776784780.288][INFO]: Done waiting for pending navigations. Status: ok
[1776784780.288][INFO]: [31071e06e3e81bfe6e88effcbba67390] RESPONSE GetElementText "(1,824)"
[1776784780.288][INFO]: [31071e06e3e81bfe6e88effcbba67390] COMMAND GetElementText {
   "id": "f.4D9EC99A882440C04E14A6C4D977C2BE.d.CABAD284C7C2406DEECF38B0B52E9A15.e.1490"
}
[1776784780.288][INFO]: Waiting for pending navigations...
[1776784780.289][INFO]: Done waiting for pending navigations. Status: ok
[1776784780.291][INFO]: Waiting for pending navigations...
[1776784780.292][INFO]: Done waiting for pending navigations. Status: ok
[1776784780.292][INFO]: [31071e06e3e81bfe6e88effcbba67390] RESPONSE GetElementText "(5,783)"
[1776784780.293][INFO]: [31071e06e3e81bfe6e88effcbba67390] COMMAND GetElementText {
   "id": "f.4D9EC99A882440C04E14A6C4D977C2BE.d.CABAD284C7C2406DEECF38B0B52E9A15.e.1491"
}
[1776784780.293][INFO]: Waiting for pending navigations...
[1776784780.293][INFO]: Done waiting for pending navigations. Status: ok
[1776784780.296][INFO]: Waiting for pending navigations...
[1776784780.296][INFO]: Done waiting for pending navigations. Status: ok
[1776784780.296][INFO]: [31071e06e3e81bfe6e88effcbba67390] RESPONSE GetElementText "(27)"
[1776784780.297][INFO]: [31071e06e3e81bfe6e88effcbba67390] COMMAND GetElementText {
   "id": "f.4D9EC99A882440C04E14A6C4D977C2BE.d.CABAD284C7C2406DEECF38B0B52E9A15.e.1492"
}
[1776784780.297][INFO]: Waiting for pending navigations...
[1776784780.297][INFO]: Done waiting for pending navigations. Status: ok
[1776784780.300][INFO]: Waiting for pending navigations...
[1776784780.301][INFO]: Done waiting for pending navigations. Status: ok
[1776784780.301][INFO]: [31071e06e3e81bfe6e88effcbba67390] RESPONSE GetElementText "(3)"
[1776784780.302][INFO]: [31071e06e3e81bfe6e88effcbba67390] COMMAND GetElementText {
   "id": "f.4D9EC99A882440C04E14A6C4D977C2BE.d.CABAD284C7C2406DEECF38B0B52E9A15.e.1493"
}
[1776784780.302][INFO]: Waiting for pending navigations...
[1776784780.302][INFO]: Done waiting for pending navigations. Status: ok
[1776784780.305][INFO]: Waiting for pending navigations...
[1776784780.305][INFO]: Done waiting for pending navigations. Status: ok
[1776784780.305][INFO]: [31071e06e3e81bfe6e88effcbba67390] RESPONSE GetElementText "(10,807)"
[1776784780.306][INFO]: [31071e06e3e81bfe6e88effcbba67390] COMMAND GetElementText {
   "id": "f.4D9EC99A882440C04E14A6C4D977C2BE.d.CABAD284C7C2406DEECF38B0B52E9A15.e.1494"
}
[1776784780.306][INFO]: Waiting for pending navigations...
[1776784780.306][INFO]: Done waiting for pending navigations. Status: ok
[1776784780.308][INFO]: Waiting for pending navigations...
[1776784780.309][INFO]: Done waiting for pending navigations. Status: ok
[1776784780.309][INFO]: [31071e06e3e81bfe6e88effcbba67390] RESPONSE GetElementText "(4)"
[1776784780.311][INFO]: [31071e06e3e81bfe6e88effcbba67390] COMMAND GetElementText {
   "id": "f.4D9EC99A882440C04E14A6C4D977C2BE.d.CABAD284C7C2406DEECF38B0B52E9A15.e.1495"
}
[1776784780.311][INFO]: Waiting for pending navigations...
[1776784780.311][INFO]: Done waiting for pending navigations. Status: ok
[1776784780.314][INFO]: Waiting for pending navigations...
[1776784780.314][INFO]: Done waiting for pending navigations. Status: ok
[1776784780.314][INFO]: [31071e06e3e81bfe6e88effcbba67390] RESPONSE GetElementText "(574)"
[1776784780.316][INFO]: [31071e06e3e81bfe6e88effcbba67390] COMMAND GetElementText {
   "id": "f.4D9EC99A882440C04E14A6C4D977C2BE.d.CABAD284C7C2406DEECF38B0B52E9A15.e.1496"
}
[1776784780.316][INFO]: Waiting for pending navigations...
[1776784780.316][INFO]: Done waiting for pending navigations. Status: ok
[1776784780.319][INFO]: Waiting for pending navigations...
[1776784780.319][INFO]: Done waiting for pending navigations. Status: ok
[1776784780.319][INFO]: [31071e06e3e81bfe6e88effcbba67390] RESPONSE GetElementText "(4,786)"
[1776784780.320][INFO]: [31071e06e3e81bfe6e88effcbba67390] COMMAND GetElementText {
   "id": "f.4D9EC99A882440C04E14A6C4D977C2BE.d.CABAD284C7C2406DEECF38B0B52E9A15.e.1497"
}
[1776784780.320][INFO]: Waiting for pending navigations...
[1776784780.320][INFO]: Done waiting for pending navigations. Status: ok
[1776784780.323][INFO]: Waiting for pending navigations...
[1776784780.323][INFO]: Done waiting for pending navigations. Status: ok
[1776784780.323][INFO]: [31071e06e3e81bfe6e88effcbba67390] RESPONSE GetElementText "(483)"
[1776784780.324][INFO]: [31071e06e3e81bfe6e88effcbba67390] COMMAND GetElementText {
   "id": "f.4D9EC99A882440C04E14A6C4D977C2BE.d.CABAD284C7C2406DEECF38B0B52E9A15.e.1498"
}
[1776784780.324][INFO]: Waiting for pending navigations...
[1776784780.324][INFO]: Done waiting for pending navigations. Status: ok
[1776784780.327][INFO]: Waiting for pending navigations...
[1776784780.327][INFO]: Done waiting for pending navigations. Status: ok
[1776784780.327][INFO]: [31071e06e3e81bfe6e88effcbba67390] RESPONSE GetElementText "(1,885)"
[1776784780.328][INFO]: [31071e06e3e81bfe6e88effcbba67390] COMMAND GetElementText {
   "id": "f.4D9EC99A882440C04E14A6C4D977C2BE.d.CABAD284C7C2406DEECF38B0B52E9A15.e.1499"
}
[1776784780.328][INFO]: Waiting for pending navigations...
[1776784780.329][INFO]: Done waiting for pending navigations. Status: ok
[1776784780.331][INFO]: Waiting for pending navigations...
[1776784780.331][INFO]: Done waiting for pending navigations. Status: ok
[1776784780.331][INFO]: [31071e06e3e81bfe6e88effcbba67390] RESPONSE GetElementText "(728)"
[1776784780.332][INFO]: [31071e06e3e81bfe6e88effcbba67390] COMMAND GetElementText {
   "id": "f.4D9EC99A882440C04E14A6C4D977C2BE.d.CABAD284C7C2406DEECF38B0B52E9A15.e.1500"
}
[1776784780.332][INFO]: Waiting for pending navigations...
[1776784780.333][INFO]: Done waiting for pending navigations. Status: ok
[1776784780.335][INFO]: Waiting for pending navigations...
[1776784780.335][INFO]: Done waiting for pending navigations. Status: ok
[1776784780.335][INFO]: [31071e06e3e81bfe6e88effcbba67390] RESPONSE GetElementText "(179)"
[1776784780.336][INFO]: [31071e06e3e81bfe6e88effcbba67390] COMMAND GetElementText {
   "id": "f.4D9EC99A882440C04E14A6C4D977C2BE.d.CABAD284C7C2406DEECF38B0B52E9A15.e.1501"
}
[1776784780.336][INFO]: Waiting for pending navigations...
[1776784780.337][INFO]: Done waiting for pending navigations. Status: ok
[1776784780.339][INFO]: Waiting for pending navigations...
[1776784780.339][INFO]: Done waiting for pending navigations. Status: ok
[1776784780.339][INFO]: [31071e06e3e81bfe6e88effcbba67390] RESPONSE GetElementText "(21)"
[1776784780.340][INFO]: [31071e06e3e81bfe6e88effcbba67390] COMMAND GetElementText {
   "id": "f.4D9EC99A882440C04E14A6C4D977C2BE.d.CABAD284C7C2406DEECF38B0B52E9A15.e.1502"
}
[1776784780.340][INFO]: Waiting for pending navigations...
[1776784780.340][INFO]: Done waiting for pending navigations. Status: ok
[1776784780.343][INFO]: Waiting for pending navigations...
[1776784780.343][INFO]: Done waiting for pending navigations. Status: ok
[1776784780.343][INFO]: [31071e06e3e81bfe6e88effcbba67390] RESPONSE GetElementText "(429)"
[1776784780.344][INFO]: [31071e06e3e81bfe6e88effcbba67390] COMMAND GetElementText {
   "id": "f.4D9EC99A882440C04E14A6C4D977C2BE.d.CABAD284C7C2406DEECF38B0B52E9A15.e.1503"
}
[1776784780.344][INFO]: Waiting for pending navigations...
[1776784780.344][INFO]: Done waiting for pending navigations. Status: ok
[1776784780.347][INFO]: Waiting for pending navigations...
[1776784780.347][INFO]: Done waiting for pending navigations. Status: ok
[1776784780.347][INFO]: [31071e06e3e81bfe6e88effcbba67390] RESPONSE GetElementText "(93)"
[1776784780.348][INFO]: [31071e06e3e81bfe6e88effcbba67390] COMMAND GetElementText {
   "id": "f.4D9EC99A882440C04E14A6C4D977C2BE.d.CABAD284C7C2406DEECF38B0B52E9A15.e.1504"
}
[1776784780.348][INFO]: Waiting for pending navigations...
[1776784780.349][INFO]: Done waiting for pending navigations. Status: ok
[1776784780.351][INFO]: Waiting for pending navigations...
[1776784780.352][INFO]: Done waiting for pending navigations. Status: ok
[1776784780.352][INFO]: [31071e06e3e81bfe6e88effcbba67390] RESPONSE GetElementText "(10)"
[1776784780.352][INFO]: [31071e06e3e81bfe6e88effcbba67390] COMMAND GetElementText {
   "id": "f.4D9EC99A882440C04E14A6C4D977C2BE.d.CABAD284C7C2406DEECF38B0B52E9A15.e.1505"
}
[1776784780.352][INFO]: Waiting for pending navigations...
[1776784780.353][INFO]: Done waiting for pending navigations. Status: ok
[1776784780.355][INFO]: Waiting for pending navigations...
[1776784780.356][INFO]: Done waiting for pending navigations. Status: ok
[1776784780.356][INFO]: [31071e06e3e81bfe6e88effcbba67390] RESPONSE GetElementText "(33)"
[1776784780.356][INFO]: [31071e06e3e81bfe6e88effcbba67390] COMMAND GetElementText {
   "id": "f.4D9EC99A882440C04E14A6C4D977C2BE.d.CABAD284C7C2406DEECF38B0B52E9A15.e.1506"
}
[1776784780.356][INFO]: Waiting for pending navigations...
[1776784780.357][INFO]: Done waiting for pending navigations. Status: ok
[1776784780.359][INFO]: Waiting for pending navigations...
[1776784780.360][INFO]: Done waiting for pending navigations. Status: ok
[1776784780.360][INFO]: [31071e06e3e81bfe6e88effcbba67390] RESPONSE GetElementText "(206)"
[1776784780.360][INFO]: [31071e06e3e81bfe6e88effcbba67390] COMMAND GetElementText {
   "id": "f.4D9EC99A882440C04E14A6C4D977C2BE.d.CABAD284C7C2406DEECF38B0B52E9A15.e.1507"
}
[1776784780.360][INFO]: Waiting for pending navigations...
[1776784780.361][INFO]: Done waiting for pending navigations. Status: ok
[1776784780.363][INFO]: Waiting for pending navigations...
[1776784780.363][INFO]: Done waiting for pending navigations. Status: ok
[1776784780.363][INFO]: [31071e06e3e81bfe6e88effcbba67390] RESPONSE GetElementText "(325)"
[1776784780.364][INFO]: [31071e06e3e81bfe6e88effcbba67390] COMMAND GetElementText {
   "id": "f.4D9EC99A882440C04E14A6C4D977C2BE.d.CABAD284C7C2406DEECF38B0B52E9A15.e.1508"
}
[1776784780.364][INFO]: Waiting for pending navigations...
[1776784780.364][INFO]: Done waiting for pending navigations. Status: ok
[1776784780.367][INFO]: Waiting for pending navigations...
[1776784780.367][INFO]: Done waiting for pending navigations. Status: ok
[1776784780.367][INFO]: [31071e06e3e81bfe6e88effcbba67390] RESPONSE GetElementText "(1,340)"
[1776784780.368][INFO]: [31071e06e3e81bfe6e88effcbba67390] COMMAND GetElementText {
   "id": "f.4D9EC99A882440C04E14A6C4D977C2BE.d.CABAD284C7C2406DEECF38B0B52E9A15.e.1509"
}
[1776784780.368][INFO]: Waiting for pending navigations...
[1776784780.368][INFO]: Done waiting for pending navigations. Status: ok
[1776784780.370][INFO]: Waiting for pending navigations...
[1776784780.371][INFO]: Done waiting for pending navigations. Status: ok
[1776784780.371][INFO]: [31071e06e3e81bfe6e88effcbba67390] RESPONSE GetElementText "(263)"
[1776784780.371][INFO]: [31071e06e3e81bfe6e88effcbba67390] COMMAND GetElementText {
   "id": "f.4D9EC99A882440C04E14A6C4D977C2BE.d.CABAD284C7C2406DEECF38B0B52E9A15.e.1510"
}
[1776784780.371][INFO]: Waiting for pending navigations...
[1776784780.372][INFO]: Done waiting for pending navigations. Status: ok
[1776784780.374][INFO]: Waiting for pending navigations...
[1776784780.374][INFO]: Done waiting for pending navigations. Status: ok
[1776784780.374][INFO]: [31071e06e3e81bfe6e88effcbba67390] RESPONSE GetElementText "(285)"
[1776784780.375][INFO]: [31071e06e3e81bfe6e88effcbba67390] COMMAND GetElementText {
   "id": "f.4D9EC99A882440C04E14A6C4D977C2BE.d.CABAD284C7C2406DEECF38B0B52E9A15.e.1511"
}
[1776784780.375][INFO]: Waiting for pending navigations...
[1776784780.375][INFO]: Done waiting for pending navigations. Status: ok
[1776784780.378][INFO]: Waiting for pending navigations...
[1776784780.378][INFO]: Done waiting for pending navigations. Status: ok
[1776784780.378][INFO]: [31071e06e3e81bfe6e88effcbba67390] RESPONSE GetElementText "(816)"
[1776784780.379][INFO]: [31071e06e3e81bfe6e88effcbba67390] COMMAND GetElementText {
   "id": "f.4D9EC99A882440C04E14A6C4D977C2BE.d.CABAD284C7C2406DEECF38B0B52E9A15.e.1512"
}
[1776784780.379][INFO]: Waiting for pending navigations...
[1776784780.379][INFO]: Done waiting for pending navigations. Status: ok
[1776784780.381][INFO]: Waiting for pending navigations...
[1776784780.382][INFO]: Done waiting for pending navigations. Status: ok
[1776784780.382][INFO]: [31071e06e3e81bfe6e88effcbba67390] RESPONSE GetElementText "(787)"
[1776784780.382][INFO]: [31071e06e3e81bfe6e88effcbba67390] COMMAND GetElementText {
   "id": "f.4D9EC99A882440C04E14A6C4D977C2BE.d.CABAD284C7C2406DEECF38B0B52E9A15.e.1513"
}
[1776784780.382][INFO]: Waiting for pending navigations...
[1776784780.383][INFO]: Done waiting for pending navigations. Status: ok
[1776784780.385][INFO]: Waiting for pending navigations...
[1776784780.385][INFO]: Done waiting for pending navigations. Status: ok
[1776784780.385][INFO]: [31071e06e3e81bfe6e88effcbba67390] RESPONSE GetElementText "(1,688)"
[1776784780.389][INFO]: [31071e06e3e81bfe6e88effcbba67390] COMMAND FindElement {
   "using": "xpath",
   "value": "//div[@class='RGLWAk']//span[contains(text()'(10,807)')]/./../..//a[@class='pIpigb']"
}
[1776784780.389][INFO]: Waiting for pending navigations...
[1776784780.389][INFO]: Done waiting for pending navigations. Status: ok
[1776784780.396][INFO]: Waiting for pending navigations...
[1776784780.397][INFO]: Done waiting for pending navigations. Status: ok
[1776784780.397][INFO]: [31071e06e3e81bfe6e88effcbba67390] RESPONSE FindElement ERROR invalid selector: Unable to locate an element with the xpath expression //div[@class='RGLWAk']//span[contains(text()'(10,807)')]/./../..//a[@class='pIpigb'] because of the following error:
SyntaxError: Failed to execute 'evaluate' on 'Document': The string '//div[@class='RGLWAk']//span[contains(text()'(10,807)')]/./../..//a[@class='pIpigb']' is not a valid XPath expression.
  (Session info: chrome=147.0.7727.57)
[1776784780.405][INFO]: [31071e06e3e81bfe6e88effcbba67390] COMMAND CloseWindow {
}
[1776784780.525][INFO]: [31071e06e3e81bfe6e88effcbba67390] RESPONSE CloseWindow [  ]
